<?xml version="1.0" encoding="UTF-8"?>
<robot generator="Robot 3.0.4 (Python 3.6.5 on win32)" generated="20180718 18:56:38.006">
<suite id="s1" name="History ondemand" source="C:\Users\MP1CCTG4\Desktop\sendit-automated\On-Demand\History_ondemand.robot">
<test id="s1-t1" name="Display History">
<kw name="Open Ondemand website" library="keyword_Login">
<kw name="Open Browser" library="Selenium2Library">
<doc>Opens a new browser instance to the given ``url``.</doc>
<arguments>
<arg>${url_ondemand_staging}</arg>
<arg>${browser}</arg>
</arguments>
<msg timestamp="20180718 18:56:38.226" level="INFO">Opening browser 'chrome' to base url 'https://staging-customer.sendit.asia/'.</msg>
<status status="PASS" starttime="20180718 18:56:38.226" endtime="20180718 18:56:46.448"></status>
</kw>
<kw name="Maximize Browser Window" library="Selenium2Library">
<doc>Maximizes current browser window.</doc>
<status status="PASS" starttime="20180718 18:56:46.448" endtime="20180718 18:56:47.599"></status>
</kw>
<status status="PASS" starttime="20180718 18:56:38.226" endtime="20180718 18:56:47.600"></status>
</kw>
<kw name="Login to Ondemand" library="keyword_Login">
<arguments>
<arg>${username}</arg>
<arg>${password}</arg>
</arguments>
<kw name="Wait Until Element Is Visible" library="Selenium2Library">
<doc>Waits until element ``locator`` is visible.</doc>
<arguments>
<arg>${Login_menu}</arg>
<arg>30s</arg>
</arguments>
<status status="PASS" starttime="20180718 18:56:47.604" endtime="20180718 18:56:47.707"></status>
</kw>
<kw name="Sleep" library="BuiltIn">
<doc>Pauses the test executed for the given time.</doc>
<arguments>
<arg>10s</arg>
</arguments>
<msg timestamp="20180718 18:56:57.710" level="INFO">Slept 10 seconds</msg>
<status status="PASS" starttime="20180718 18:56:47.707" endtime="20180718 18:56:57.710"></status>
</kw>
<kw name="Click Element" library="Selenium2Library">
<doc>Click element identified by ``locator``.</doc>
<arguments>
<arg>${Login_menu}</arg>
</arguments>
<msg timestamp="20180718 18:56:57.710" level="INFO">Clicking element 'css=.login-menu'.</msg>
<status status="PASS" starttime="20180718 18:56:57.710" endtime="20180718 18:56:58.135"></status>
</kw>
<kw name="Sleep" library="BuiltIn">
<doc>Pauses the test executed for the given time.</doc>
<arguments>
<arg>2s</arg>
</arguments>
<msg timestamp="20180718 18:57:00.139" level="INFO">Slept 2 seconds</msg>
<status status="PASS" starttime="20180718 18:56:58.136" endtime="20180718 18:57:00.139"></status>
</kw>
<kw name="Element Should Be Visible" library="Selenium2Library">
<doc>Verifies that the element identified by ``locator`` is visible.</doc>
<arguments>
<arg>${Login_modal}</arg>
</arguments>
<msg timestamp="20180718 18:57:00.205" level="INFO">Element 'css=#loginTab' is displayed.</msg>
<status status="PASS" starttime="20180718 18:57:00.140" endtime="20180718 18:57:00.205"></status>
</kw>
<kw name="Input Text" library="Selenium2Library">
<doc>Types the given ``text`` into text field identified by ``locator``.</doc>
<arguments>
<arg>${email_field}</arg>
<arg>${username}</arg>
</arguments>
<msg timestamp="20180718 18:57:00.206" level="INFO">Typing text 'Tester1@sendit.asia' into text field 'css=#i_email'.</msg>
<status status="PASS" starttime="20180718 18:57:00.206" endtime="20180718 18:57:00.460"></status>
</kw>
<kw name="Input Password" library="Selenium2Library">
<doc>Types the given password into text field identified by ``locator``.</doc>
<arguments>
<arg>${pswd_password}</arg>
<arg>${password}</arg>
</arguments>
<msg timestamp="20180718 18:57:00.461" level="INFO">Typing password into text field 'css=#i_pw'.</msg>
<status status="PASS" starttime="20180718 18:57:00.460" endtime="20180718 18:57:00.592"></status>
</kw>
<kw name="Click Button" library="Selenium2Library">
<doc>Clicks button identified by ``locator``.</doc>
<arguments>
<arg>${login_btn}</arg>
</arguments>
<msg timestamp="20180718 18:57:00.592" level="INFO">Clicking button 'css=#b_login'.</msg>
<status status="PASS" starttime="20180718 18:57:00.592" endtime="20180718 18:57:00.826"></status>
</kw>
<status status="PASS" starttime="20180718 18:56:47.603" endtime="20180718 18:57:00.827"></status>
</kw>
<kw name="Sleep" library="BuiltIn">
<doc>Pauses the test executed for the given time.</doc>
<arguments>
<arg>3s</arg>
</arguments>
<msg timestamp="20180718 18:57:03.827" level="INFO">Slept 3 seconds</msg>
<status status="PASS" starttime="20180718 18:57:00.827" endtime="20180718 18:57:03.828"></status>
</kw>
<kw name="Click Link" library="Selenium2Library">
<doc>Clicks a link identified by ``locator``.</doc>
<arguments>
<arg>${history_link_menu}</arg>
</arguments>
<msg timestamp="20180718 18:57:03.832" level="INFO">Clicking link 'css=a[href="#!/history"]'.</msg>
<status status="PASS" starttime="20180718 18:57:03.831" endtime="20180718 18:57:04.344"></status>
</kw>
<kw name="Sleep" library="BuiltIn">
<doc>Pauses the test executed for the given time.</doc>
<arguments>
<arg>30s</arg>
</arguments>
<msg timestamp="20180718 18:57:34.348" level="INFO">Slept 30 seconds</msg>
<status status="PASS" starttime="20180718 18:57:04.345" endtime="20180718 18:57:34.348"></status>
</kw>
<kw name="Check table headers contain text correctly" library="keyword_Active_Deliveries">
<arguments>
<arg>${header_orderno_txt}</arg>
</arguments>
<kw name="Table Header Should Contain" library="Selenium2Library">
<doc>Verifies table header contains text ``expected``.</doc>
<arguments>
<arg>${active_deliveries_table}</arg>
<arg>${text}</arg>
</arguments>
<msg timestamp="20180718 18:57:43.025" level="INFO">&lt;!DOCTYPE html&gt;&lt;html xmlns="http://www.w3.org/1999/xhtml" ng-app="app" class="ng-scope"&gt;&lt;head&gt;&lt;style type="text/css"&gt;.gm-style .gm-style-mtc label,.gm-style .gm-style-mtc div{font-weight:400}
&lt;/style&gt;&lt;link type="text/css" rel="stylesheet" href="https://fonts.googleapis.com/css?family=Roboto:300,400,500,700" /&gt;&lt;style type="text/css"&gt;.gm-style .gm-style-cc span,.gm-style .gm-style-cc a,.gm-style .gm-style-mtc div{font-size:10px}
&lt;/style&gt;&lt;style type="text/css"&gt;@media print {  .gm-style .gmnoprint, .gmnoprint {    display:none  }}@media screen {  .gm-style .gmnoscreen, .gmnoscreen {    display:none  }}&lt;/style&gt;&lt;style type="text/css"&gt;.gm-style-pbc{transition:opacity ease-in-out;background-color:rgba(0,0,0,0.45);text-align:center}.gm-style-pbt{font-size:22px;color:white;font-family:Roboto,Arial,sans-serif;position:relative;margin:0;top:50%;-webkit-transform:translateY(-50%);-ms-transform:translateY(-50%);transform:translateY(-50%)}
&lt;/style&gt;&lt;style md-theme-style=""&gt;md-autocomplete.md-default-theme input, md-autocomplete input{color:rgba(0,0,0,0.87)}.md-autocomplete-suggestions-container.md-default-theme li, .md-autocomplete-suggestions-container li{color:rgba(0,0,0,0.87)}md-bottom-sheet.md-default-theme.md-list md-list-item, md-bottom-sheet.md-list md-list-item{color:rgba(0,0,0,0.87)}.md-button.md-default-theme.md-primary, .md-button.md-primary{color:rgb(63,81,181)}.md-button.md-default-theme.md-primary.md-fab, .md-button.md-primary.md-fab,.md-button.md-default-theme.md-primary.md-raised, .md-button.md-primary.md-raised{color:rgba(255,255,255,0.87);background-color:rgb(63,81,181)}.md-button.md-default-theme.md-primary.md-fab:not([disabled]) md-icon, .md-button.md-primary.md-fab:not([disabled]) md-icon,.md-button.md-default-theme.md-primary.md-raised:not([disabled]) md-icon, .md-button.md-primary.md-raised:not([disabled]) md-icon{color:rgba(255,255,255,0.87)}.md-button.md-default-theme.md-primary.md-fab:not([disabled]).md-focused, .md-button.md-primary.md-fab:not([disabled]).md-focused,.md-button.md-default-theme.md-primary.md-fab:not([disabled]):hover, .md-button.md-primary.md-fab:not([disabled]):hover,.md-button.md-default-theme.md-primary.md-raised:not([disabled]).md-focused, .md-button.md-primary.md-raised:not([disabled]).md-focused,.md-button.md-default-theme.md-primary.md-raised:not([disabled]):hover, .md-button.md-primary.md-raised:not([disabled]):hover{background-color:rgb(57,73,171)}.md-button.md-default-theme.md-primary:not([disabled]) md-icon, .md-button.md-primary:not([disabled]) md-icon{color:rgb(63,81,181)}._md a.md-default-theme:not(.md-button).md-primary, ._md a:not(.md-button).md-primary{color:rgb(63,81,181)}._md a.md-default-theme:not(.md-button).md-primary:hover, ._md a:not(.md-button).md-primary:hover{color:rgb(48,63,159)}md-card.md-default-theme .md-card-image, md-card .md-card-image{border-radius:2px 2px 0 0}md-card.md-default-theme md-card-header md-card-header-text .md-subhead, md-card md-card-header md-card-header-text .md-subhead,md-card.md-default-theme md-card-title md-card-title-text:not(:only-child) .md-subhead, md-card md-card-title md-card-title-text:not(:only-child) .md-subhead{color:rgba(0,0,0,0.54)}md-checkbox.md-default-theme .md-ink-ripple, md-checkbox .md-ink-ripple{color:rgba(0,0,0,0.54)}md-checkbox.md-default-theme:not(.md-checked) .md-icon, md-checkbox:not(.md-checked) .md-icon{border-color:rgba(0,0,0,0.54)}md-checkbox.md-default-theme:not([disabled]).md-primary .md-ripple, md-checkbox:not([disabled]).md-primary .md-ripple{color:rgb(57,73,171)}md-checkbox.md-default-theme:not([disabled]).md-primary.md-checked .md-ripple, md-checkbox:not([disabled]).md-primary.md-checked .md-ripple{color:rgb(117,117,117)}md-checkbox.md-default-theme:not([disabled]).md-primary .md-ink-ripple, md-checkbox:not([disabled]).md-primary .md-ink-ripple{color:rgba(0,0,0,0.54)}md-checkbox.md-default-theme:not([disabled]).md-primary.md-checked .md-ink-ripple, md-checkbox:not([disabled]).md-primary.md-checked .md-ink-ripple{color:rgba(63,81,181,0.87)}md-checkbox.md-default-theme:not([disabled]).md-primary:not(.md-checked) .md-icon, md-checkbox:not([disabled]).md-primary:not(.md-checked) .md-icon{border-color:rgba(0,0,0,0.54)}md-checkbox.md-default-theme:not([disabled]).md-primary.md-checked .md-icon, md-checkbox:not([disabled]).md-primary.md-checked .md-icon{background-color:rgba(63,81,181,0.87)}md-checkbox.md-default-theme:not([disabled]).md-primary.md-checked.md-focused .md-container:before, md-checkbox:not([disabled]).md-primary.md-checked.md-focused .md-container:before{background-color:rgba(63,81,181,0.26)}md-checkbox.md-default-theme:not([disabled]).md-primary.md-checked .md-icon:after, md-checkbox:not([disabled]).md-primary.md-checked .md-icon:after{border-color:rgba(255,255,255,0.87)}md-checkbox.md-default-theme:not([disabled]).md-primary .md-indeterminate[disabled] .md-container, md-checkbox:not([disabled]).md-primary .md-indeterminate[disabled] .md-container{color:rgba(0,0,0,0.38)}md-checkbox.md-default-theme[disabled]:not(.md-checked) .md-icon, md-checkbox[disabled]:not(.md-checked) .md-icon{border-color:rgba(0,0,0,0.38)}md-checkbox.md-default-theme[disabled] .md-icon:after, md-checkbox[disabled] .md-icon:after{border-color:rgba(0,0,0,0.38)}md-checkbox.md-default-theme[disabled] .md-label, md-checkbox[disabled] .md-label{color:rgba(0,0,0,0.38)}md-chips.md-default-theme .md-chips, md-chips .md-chips{box-shadow:0 1px rgba(0,0,0,0.12)}md-chips.md-default-theme .md-chips.md-focused, md-chips .md-chips.md-focused{box-shadow:0 2px rgb(63,81,181)}md-chips.md-default-theme .md-chips .md-chip-input-container input, md-chips .md-chips .md-chip-input-container input{color:rgba(0,0,0,0.87)}md-chips.md-default-theme .md-chips .md-chip-input-container input:-moz-placeholder, md-chips .md-chips .md-chip-input-container input:-moz-placeholder,md-chips.md-default-theme .md-chips .md-chip-input-container input::-moz-placeholder, md-chips .md-chips .md-chip-input-container input::-moz-placeholder{color:rgba(0,0,0,0.38)}md-chips.md-default-theme .md-chips .md-chip-input-container input:-ms-input-placeholder, md-chips .md-chips .md-chip-input-container input:-ms-input-placeholder{color:rgba(0,0,0,0.38)}md-chips.md-default-theme .md-chips .md-chip-input-container input::-webkit-input-placeholder, md-chips .md-chips .md-chip-input-container input::-webkit-input-placeholder{color:rgba(0,0,0,0.38)}md-chips.md-default-theme md-chip.md-focused, md-chips md-chip.md-focused{background:rgb(63,81,181);color:rgba(255,255,255,0.87)}md-chips.md-default-theme md-chip.md-focused md-icon, md-chips md-chip.md-focused md-icon{color:rgba(255,255,255,0.87)}.md-default-theme .md-calendar-date.md-calendar-date-today .md-calendar-date-selection-indicator,  .md-calendar-date.md-calendar-date-today .md-calendar-date-selection-indicator{border:1px solid rgb(63,81,181)}.md-default-theme .md-calendar-date.md-calendar-date-today.md-calendar-date-disabled,  .md-calendar-date.md-calendar-date-today.md-calendar-date-disabled{color:rgba(63,81,181,0.6)}.md-default-theme .md-calendar-date.md-calendar-selected-date .md-calendar-date-selection-indicator,  .md-calendar-date.md-calendar-selected-date .md-calendar-date-selection-indicator,.md-default-theme .md-calendar-date.md-focus.md-calendar-selected-date .md-calendar-date-selection-indicator,  .md-calendar-date.md-focus.md-calendar-selected-date .md-calendar-date-selection-indicator{background:rgb(63,81,181);color:rgba(255,255,255,0.87);border-color:transparent}.md-default-theme .md-calendar-date-disabled,  .md-calendar-date-disabled,.md-default-theme .md-calendar-month-label-disabled,  .md-calendar-month-label-disabled{color:rgba(0,0,0,0.38)}.md-default-theme .md-datepicker-input,  .md-datepicker-input{color:rgba(0,0,0,0.87)}.md-default-theme .md-datepicker-input:-moz-placeholder,  .md-datepicker-input:-moz-placeholder,.md-default-theme .md-datepicker-input::-moz-placeholder,  .md-datepicker-input::-moz-placeholder{color:rgba(0,0,0,0.38)}.md-default-theme .md-datepicker-input:-ms-input-placeholder,  .md-datepicker-input:-ms-input-placeholder{color:rgba(0,0,0,0.38)}.md-default-theme .md-datepicker-input::-webkit-input-placeholder,  .md-datepicker-input::-webkit-input-placeholder{color:rgba(0,0,0,0.38)}.md-default-theme .md-datepicker-input-container,  .md-datepicker-input-container{border-bottom-color:rgba(0,0,0,0.12)}.md-default-theme .md-datepicker-input-container.md-datepicker-focused,  .md-datepicker-input-container.md-datepicker-focused{border-bottom-color:rgb(63,81,181)}.md-default-theme .md-datepicker-triangle-button .md-datepicker-expand-triangle,  .md-datepicker-triangle-button .md-datepicker-expand-triangle{border-top-color:rgba(0,0,0,0.54)}.md-default-theme .md-datepicker-open .md-datepicker-calendar-icon,  .md-datepicker-open .md-datepicker-calendar-icon{color:rgb(63,81,181)}md-dialog.md-default-theme.md-content-overflow .md-actions, md-dialog.md-content-overflow .md-actions,md-dialog.md-default-theme.md-content-overflow md-dialog-actions, md-dialog.md-content-overflow md-dialog-actions,md-divider.md-default-theme, md-divider{border-top-color:rgba(0,0,0,0.12)}.layout-gt-lg-row&amp;gt;md-divider.md-default-theme, .layout-gt-lg-row&amp;gt;md-divider,.layout-gt-md-row&amp;gt;md-divider.md-default-theme, .layout-gt-md-row&amp;gt;md-divider,.layout-gt-sm-row&amp;gt;md-divider.md-default-theme, .layout-gt-sm-row&amp;gt;md-divider,.layout-gt-xs-row&amp;gt;md-divider.md-default-theme, .layout-gt-xs-row&amp;gt;md-divider,.layout-lg-row&amp;gt;md-divider.md-default-theme, .layout-lg-row&amp;gt;md-divider,.layout-md-row&amp;gt;md-divider.md-default-theme, .layout-md-row&amp;gt;md-divider,.layout-row&amp;gt;md-divider.md-default-theme, .layout-row&amp;gt;md-divider,.layout-sm-row&amp;gt;md-divider.md-default-theme, .layout-sm-row&amp;gt;md-divider,.layout-xl-row&amp;gt;md-divider.md-default-theme, .layout-xl-row&amp;gt;md-divider,.layout-xs-row&amp;gt;md-divider.md-default-theme, .layout-xs-row&amp;gt;md-divider{border-right-color:rgba(0,0,0,0.12)}md-icon.md-default-theme, md-icon{color:rgba(0,0,0,0.54)}md-icon.md-default-theme.md-primary, md-icon.md-primary{color:rgb(63,81,181)}md-input-container.md-default-theme .md-input, md-input-container .md-input{color:rgba(0,0,0,0.87);border-color:rgba(0,0,0,0.12)}md-input-container.md-default-theme .md-input:-moz-placeholder, md-input-container .md-input:-moz-placeholder,md-input-container.md-default-theme .md-input::-moz-placeholder, md-input-container .md-input::-moz-placeholder{color:rgba(0,0,0,0.38)}md-input-container.md-default-theme .md-input:-ms-input-placeholder, md-input-container .md-input:-ms-input-placeholder{color:rgba(0,0,0,0.38)}md-input-container.md-default-theme .md-input::-webkit-input-placeholder, md-input-container .md-input::-webkit-input-placeholder{color:rgba(0,0,0,0.38)}md-input-container.md-default-theme&amp;gt;md-icon, md-input-container&amp;gt;md-icon{color:rgba(0,0,0,0.87)}md-input-container.md-default-theme .md-placeholder, md-input-container .md-placeholder,md-input-container.md-default-theme label, md-input-container label{color:rgba(0,0,0,0.38)}md-input-container.md-default-theme:not(.md-input-focused):not(.md-input-invalid) label.md-required:after, md-input-container:not(.md-input-focused):not(.md-input-invalid) label.md-required:after{color:rgba(0,0,0,0.54)}md-input-container.md-default-theme .md-input-message-animation .md-char-counter, md-input-container .md-input-message-animation .md-char-counter,md-input-container.md-default-theme .md-input-messages-animation .md-char-counter, md-input-container .md-input-messages-animation .md-char-counter{color:rgba(0,0,0,0.87)}md-input-container.md-default-theme.md-input-focused .md-input:-moz-placeholder, md-input-container.md-input-focused .md-input:-moz-placeholder,md-input-container.md-default-theme.md-input-focused .md-input::-moz-placeholder, md-input-container.md-input-focused .md-input::-moz-placeholder{color:rgba(0,0,0,0.54)}md-input-container.md-default-theme.md-input-focused .md-input:-ms-input-placeholder, md-input-container.md-input-focused .md-input:-ms-input-placeholder{color:rgba(0,0,0,0.54)}md-input-container.md-default-theme.md-input-focused .md-input::-webkit-input-placeholder, md-input-container.md-input-focused .md-input::-webkit-input-placeholder{color:rgba(0,0,0,0.54)}md-input-container.md-default-theme:not(.md-input-invalid).md-input-has-value label, md-input-container:not(.md-input-invalid).md-input-has-value label{color:rgba(0,0,0,0.54)}md-input-container.md-default-theme:not(.md-input-invalid).md-input-focused .md-input, md-input-container:not(.md-input-invalid).md-input-focused .md-input,md-input-container.md-default-theme:not(.md-input-invalid).md-input-resized .md-input, md-input-container:not(.md-input-invalid).md-input-resized .md-input{border-color:rgb(63,81,181)}md-input-container.md-default-theme:not(.md-input-invalid).md-input-focused label, md-input-container:not(.md-input-invalid).md-input-focused label,md-input-container.md-default-theme:not(.md-input-invalid).md-input-focused md-icon, md-input-container:not(.md-input-invalid).md-input-focused md-icon{color:rgb(63,81,181)}md-list.md-default-theme md-list-item.md-2-line .md-list-item-text h3, md-list md-list-item.md-2-line .md-list-item-text h3,md-list.md-default-theme md-list-item.md-2-line .md-list-item-text h4, md-list md-list-item.md-2-line .md-list-item-text h4,md-list.md-default-theme md-list-item.md-3-line .md-list-item-text h3, md-list md-list-item.md-3-line .md-list-item-text h3,md-list.md-default-theme md-list-item.md-3-line .md-list-item-text h4, md-list md-list-item.md-3-line .md-list-item-text h4{color:rgba(0,0,0,0.87)}md-list.md-default-theme md-list-item.md-2-line .md-list-item-text p, md-list md-list-item.md-2-line .md-list-item-text p,md-list.md-default-theme md-list-item.md-3-line .md-list-item-text p, md-list md-list-item.md-3-line .md-list-item-text p{color:rgba(0,0,0,0.54)}md-list.md-default-theme md-list-item&amp;gt;md-icon, md-list md-list-item&amp;gt;md-icon{color:rgba(0,0,0,0.54)}md-list.md-default-theme md-list-item&amp;gt;md-icon.md-highlight, md-list md-list-item&amp;gt;md-icon.md-highlight{color:rgb(63,81,181)}md-menu-content.md-default-theme md-menu-item, md-menu-content md-menu-item{color:rgba(0,0,0,0.87)}md-menu-content.md-default-theme md-menu-item md-icon, md-menu-content md-menu-item md-icon{color:rgba(0,0,0,0.54)}md-menu-content.md-default-theme md-menu-item .md-button[disabled], md-menu-content md-menu-item .md-button[disabled],md-menu-content.md-default-theme md-menu-item .md-button[disabled] md-icon, md-menu-content md-menu-item .md-button[disabled] md-icon{color:rgba(0,0,0,0.38)}md-menu-bar.md-default-theme&amp;gt;button.md-button, md-menu-bar&amp;gt;button.md-button{color:rgba(0,0,0,0.54);border-radius:2px}md-toolbar.md-default-theme.md-menu-toolbar md-toolbar-filler, md-toolbar.md-menu-toolbar md-toolbar-filler{background-color:rgb(63,81,181);color:rgba(255,255,255,0.87)}md-nav-bar.md-default-theme .md-button._md-nav-button.md-unselected, md-nav-bar .md-button._md-nav-button.md-unselected{color:rgba(0,0,0,0.54)}md-nav-bar.md-default-theme.md-primary&amp;gt;.md-nav-bar, md-nav-bar.md-primary&amp;gt;.md-nav-bar{background-color:rgb(63,81,181)}md-nav-bar.md-default-theme.md-primary&amp;gt;.md-nav-bar .md-button._md-nav-button, md-nav-bar.md-primary&amp;gt;.md-nav-bar .md-button._md-nav-button{color:rgb(197,202,233)}md-nav-bar.md-default-theme.md-primary&amp;gt;.md-nav-bar .md-button._md-nav-button.md-active, md-nav-bar.md-primary&amp;gt;.md-nav-bar .md-button._md-nav-button.md-active,md-nav-bar.md-default-theme.md-primary&amp;gt;.md-nav-bar .md-button._md-nav-button.md-focused, md-nav-bar.md-primary&amp;gt;.md-nav-bar .md-button._md-nav-button.md-focused{color:rgba(255,255,255,0.87)}md-nav-bar.md-default-theme.md-primary&amp;gt;.md-nav-bar .md-button._md-nav-button.md-focused, md-nav-bar.md-primary&amp;gt;.md-nav-bar .md-button._md-nav-button.md-focused{background:rgba(255,255,255,0.1)}md-toolbar&amp;gt;md-nav-bar.md-default-theme&amp;gt;.md-nav-bar, md-toolbar&amp;gt;md-nav-bar&amp;gt;.md-nav-bar{background-color:rgb(63,81,181)}md-toolbar&amp;gt;md-nav-bar.md-default-theme&amp;gt;.md-nav-bar .md-button._md-nav-button, md-toolbar&amp;gt;md-nav-bar&amp;gt;.md-nav-bar .md-button._md-nav-button{color:rgb(197,202,233)}md-toolbar&amp;gt;md-nav-bar.md-default-theme&amp;gt;.md-nav-bar .md-button._md-nav-button.md-active, md-toolbar&amp;gt;md-nav-bar&amp;gt;.md-nav-bar .md-button._md-nav-button.md-active,md-toolbar&amp;gt;md-nav-bar.md-default-theme&amp;gt;.md-nav-bar .md-button._md-nav-button.md-focused, md-toolbar&amp;gt;md-nav-bar&amp;gt;.md-nav-bar .md-button._md-nav-button.md-focused{color:rgba(255,255,255,0.87)}md-toolbar&amp;gt;md-nav-bar.md-default-theme&amp;gt;.md-nav-bar .md-button._md-nav-button.md-focused, md-toolbar&amp;gt;md-nav-bar&amp;gt;.md-nav-bar .md-button._md-nav-button.md-focused{background:rgba(255,255,255,0.1)}md-progress-circular.md-default-theme path, md-progress-circular path{stroke:rgb(63,81,181)}md-progress-linear.md-default-theme .md-container, md-progress-linear .md-container{background-color:rgb(197,202,233)}md-progress-linear.md-default-theme .md-bar, md-progress-linear .md-bar{background-color:rgb(63,81,181)}md-progress-linear.md-default-theme[md-mode=buffer].md-primary .md-bar1, md-progress-linear[md-mode=buffer].md-primary .md-bar1{background-color:rgb(197,202,233)}md-progress-linear.md-default-theme[md-mode=buffer].md-primary .md-dashed:before, md-progress-linear[md-mode=buffer].md-primary .md-dashed:before{background:radial-gradient(rgb(197,202,233) 0,rgb(197,202,233) 16%,transparent 42%)}md-radio-button.md-default-theme .md-off, md-radio-button .md-off{border-color:rgba(0,0,0,0.54)}md-radio-button.md-default-theme:not([disabled]).md-primary .md-on, md-radio-button:not([disabled]).md-primary .md-on,md-radio-button.md-default-theme:not([disabled]) .md-primary .md-on, md-radio-button:not([disabled]) .md-primary .md-on,md-radio-group.md-default-theme:not([disabled]).md-primary .md-on, md-radio-group:not([disabled]).md-primary .md-on,md-radio-group.md-default-theme:not([disabled]) .md-primary .md-on, md-radio-group:not([disabled]) .md-primary .md-on{background-color:rgba(63,81,181,0.87)}md-radio-button.md-default-theme:not([disabled]).md-primary.md-checked .md-off, md-radio-button:not([disabled]).md-primary.md-checked .md-off,md-radio-button.md-default-theme:not([disabled]) .md-primary.md-checked .md-off, md-radio-button:not([disabled]) .md-primary.md-checked .md-off,md-radio-button.md-default-theme:not([disabled]).md-primary .md-checked .md-off, md-radio-button:not([disabled]).md-primary .md-checked .md-off,md-radio-button.md-default-theme:not([disabled]) .md-primary .md-checked .md-off, md-radio-button:not([disabled]) .md-primary .md-checked .md-off,md-radio-group.md-default-theme:not([disabled]).md-primary.md-checked .md-off, md-radio-group:not([disabled]).md-primary.md-checked .md-off,md-radio-group.md-default-theme:not([disabled]) .md-primary.md-checked .md-off, md-radio-group:not([disabled]) .md-primary.md-checked .md-off,md-radio-group.md-default-theme:not([disabled]).md-primary .md-checked .md-off, md-radio-group:not([disabled]).md-primary .md-checked .md-off,md-radio-group.md-default-theme:not([disabled]) .md-primary .md-checked .md-off, md-radio-group:not([disabled]) .md-primary .md-checked .md-off{border-color:rgba(63,81,181,0.87)}md-radio-button.md-default-theme:not([disabled]).md-primary.md-checked .md-ink-ripple, md-radio-button:not([disabled]).md-primary.md-checked .md-ink-ripple,md-radio-button.md-default-theme:not([disabled]) .md-primary.md-checked .md-ink-ripple, md-radio-button:not([disabled]) .md-primary.md-checked .md-ink-ripple,md-radio-button.md-default-theme:not([disabled]).md-primary .md-checked .md-ink-ripple, md-radio-button:not([disabled]).md-primary .md-checked .md-ink-ripple,md-radio-button.md-default-theme:not([disabled]) .md-primary .md-checked .md-ink-ripple, md-radio-button:not([disabled]) .md-primary .md-checked .md-ink-ripple,md-radio-group.md-default-theme:not([disabled]).md-primary.md-checked .md-ink-ripple, md-radio-group:not([disabled]).md-primary.md-checked .md-ink-ripple,md-radio-group.md-default-theme:not([disabled]) .md-primary.md-checked .md-ink-ripple, md-radio-group:not([disabled]) .md-primary.md-checked .md-ink-ripple,md-radio-group.md-default-theme:not([disabled]).md-primary .md-checked .md-ink-ripple, md-radio-group:not([disabled]).md-primary .md-checked .md-ink-ripple,md-radio-group.md-default-theme:not([disabled]) .md-primary .md-checked .md-ink-ripple, md-radio-group:not([disabled]) .md-primary .md-checked .md-ink-ripple{color:rgba(63,81,181,0.87)}md-radio-button.md-default-theme:not([disabled]).md-primary .md-container .md-ripple, md-radio-button:not([disabled]).md-primary .md-container .md-ripple,md-radio-button.md-default-theme:not([disabled]) .md-primary .md-container .md-ripple, md-radio-button:not([disabled]) .md-primary .md-container .md-ripple,md-radio-group.md-default-theme:not([disabled]).md-primary .md-container .md-ripple, md-radio-group:not([disabled]).md-primary .md-container .md-ripple,md-radio-group.md-default-theme:not([disabled]) .md-primary .md-container .md-ripple, md-radio-group:not([disabled]) .md-primary .md-container .md-ripple{color:rgb(57,73,171)}md-radio-button.md-default-theme[disabled], md-radio-button[disabled],md-radio-group.md-default-theme[disabled], md-radio-group[disabled]{color:rgba(0,0,0,0.38)}md-radio-button.md-default-theme[disabled] .md-container .md-off, md-radio-button[disabled] .md-container .md-off,md-radio-button.md-default-theme[disabled] .md-container .md-on, md-radio-button[disabled] .md-container .md-on,md-radio-group.md-default-theme[disabled] .md-container .md-off, md-radio-group[disabled] .md-container .md-off,md-radio-group.md-default-theme[disabled] .md-container .md-on, md-radio-group[disabled] .md-container .md-on{border-color:rgba(0,0,0,0.38)}md-radio-group.md-default-theme .md-checked:not([disabled]).md-primary .md-ink-ripple, md-radio-group .md-checked:not([disabled]).md-primary .md-ink-ripple,md-radio-group.md-default-theme.md-primary .md-checked:not([disabled]) .md-ink-ripple, md-radio-group.md-primary .md-checked:not([disabled]) .md-ink-ripple{color:rgba(63,81,181,0.26)}md-radio-group.md-default-theme.md-focused:not(:empty) .md-checked.md-primary .md-container:before, md-radio-group.md-focused:not(:empty) .md-checked.md-primary .md-container:before,md-radio-group.md-default-theme.md-focused:not(:empty).md-primary .md-checked .md-container:before, md-radio-group.md-focused:not(:empty).md-primary .md-checked .md-container:before{background-color:rgba(63,81,181,0.26)}md-input-container:not(.md-input-focused):not(.md-input-invalid) md-select.md-default-theme .md-select-value span:first-child:after, md-input-container:not(.md-input-focused):not(.md-input-invalid) md-select .md-select-value span:first-child:after{color:rgba(0,0,0,0.38)}md-input-container.md-input-focused:not(.md-input-has-value) md-select.md-default-theme .md-select-value, md-input-container.md-input-focused:not(.md-input-has-value) md-select .md-select-value,md-input-container.md-input-focused:not(.md-input-has-value) md-select.md-default-theme .md-select-value.md-select-placeholder, md-input-container.md-input-focused:not(.md-input-has-value) md-select .md-select-value.md-select-placeholder{color:rgb(63,81,181)}md-input-container.md-input-invalid md-select.md-default-theme.md-no-underline .md-select-value, md-input-container.md-input-invalid md-select.md-no-underline .md-select-value{border-bottom-color:transparent!important}md-select.md-default-theme .md-select-value, md-select .md-select-value{border-bottom-color:rgba(0,0,0,0.12)}md-select.md-default-theme .md-select-value.md-select-placeholder, md-select .md-select-value.md-select-placeholder{color:rgba(0,0,0,0.38)}md-select.md-default-theme.md-no-underline .md-select-value, md-select.md-no-underline .md-select-value{border-bottom-color:transparent!important}md-select.md-default-theme.ng-invalid.ng-touched.md-no-underline .md-select-value, md-select.ng-invalid.ng-touched.md-no-underline .md-select-value{border-bottom-color:transparent!important}md-select.md-default-theme:not([disabled]):focus .md-select-value, md-select:not([disabled]):focus .md-select-value{border-bottom-color:rgb(63,81,181);color:rgba(0,0,0,0.87)}md-select.md-default-theme:not([disabled]):focus .md-select-value.md-select-placeholder, md-select:not([disabled]):focus .md-select-value.md-select-placeholder{color:rgba(0,0,0,0.87)}md-select.md-default-theme:not([disabled]):focus.md-no-underline .md-select-value, md-select:not([disabled]):focus.md-no-underline .md-select-value{border-bottom-color:transparent!important}md-select.md-default-theme[disabled] .md-select-icon, md-select[disabled] .md-select-icon,md-select.md-default-theme[disabled] .md-select-value, md-select[disabled] .md-select-value,md-select.md-default-theme[disabled] .md-select-value.md-select-placeholder, md-select[disabled] .md-select-value.md-select-placeholder{color:rgba(0,0,0,0.38)}md-select.md-default-theme .md-select-icon, md-select .md-select-icon{color:rgba(0,0,0,0.54)}md-select-menu.md-default-theme md-content md-optgroup, md-select-menu md-content md-optgroup{color:rgba(0,0,0,0.54)}md-select-menu.md-default-theme md-content md-option, md-select-menu md-content md-option{color:rgba(0,0,0,0.87)}md-select-menu.md-default-theme md-content md-option[disabled] .md-text, md-select-menu md-content md-option[disabled] .md-text{color:rgba(0,0,0,0.38)}md-select-menu.md-default-theme md-content md-option[selected], md-select-menu md-content md-option[selected]{color:rgb(63,81,181)}md-select-menu.md-default-theme md-content md-option[selected]:focus, md-select-menu md-content md-option[selected]:focus{color:rgb(57,73,171)}.md-checkbox-enabled.md-default-theme .md-ripple, .md-checkbox-enabled .md-ripple{color:rgb(57,73,171)}.md-checkbox-enabled.md-default-theme .md-ink-ripple, .md-checkbox-enabled .md-ink-ripple{color:rgba(0,0,0,0.54)}.md-checkbox-enabled.md-default-theme[selected] .md-ink-ripple, .md-checkbox-enabled[selected] .md-ink-ripple{color:rgba(63,81,181,0.87)}.md-checkbox-enabled.md-default-theme:not(.md-checked) .md-icon, .md-checkbox-enabled:not(.md-checked) .md-icon{border-color:rgba(0,0,0,0.54)}.md-checkbox-enabled.md-default-theme[selected] .md-icon, .md-checkbox-enabled[selected] .md-icon{background-color:rgba(63,81,181,0.87)}.md-checkbox-enabled.md-default-theme[selected].md-focused .md-container:before, .md-checkbox-enabled[selected].md-focused .md-container:before{background-color:rgba(63,81,181,0.26)}.md-checkbox-enabled.md-default-theme[selected] .md-icon:after, .md-checkbox-enabled[selected] .md-icon:after{border-color:rgba(255,255,255,0.87)}.md-checkbox-enabled.md-default-theme .md-indeterminate[disabled] .md-container, .md-checkbox-enabled .md-indeterminate[disabled] .md-container{color:rgba(0,0,0,0.38)}.md-checkbox-enabled.md-default-theme md-option .md-text, .md-checkbox-enabled md-option .md-text{color:rgba(0,0,0,0.87)}md-slider.md-default-theme.md-primary .md-focus-ring, md-slider.md-primary .md-focus-ring{background-color:rgba(159,168,218,0.38)}md-slider.md-default-theme.md-primary .md-track.md-track-fill, md-slider.md-primary .md-track.md-track-fill{background-color:rgb(63,81,181)}md-slider.md-default-theme.md-primary .md-thumb:after, md-slider.md-primary .md-thumb:after{border-color:rgb(63,81,181);background-color:rgb(63,81,181)}md-slider.md-default-theme.md-primary .md-sign, md-slider.md-primary .md-sign{background-color:rgb(63,81,181)}md-slider.md-default-theme.md-primary .md-sign:after, md-slider.md-primary .md-sign:after{border-top-color:rgb(63,81,181)}md-slider.md-default-theme.md-primary[md-vertical] .md-sign:after, md-slider.md-primary[md-vertical] .md-sign:after{border-top-color:transparent;border-left-color:rgb(63,81,181)}md-slider.md-default-theme.md-primary .md-thumb-text, md-slider.md-primary .md-thumb-text{color:rgba(255,255,255,0.87)}md-slider.md-default-theme[disabled] .md-thumb:after, md-slider[disabled] .md-thumb:after{border-color:transparent}md-slider-container[disabled]&amp;gt;:first-child:not(md-slider),md-slider-container[disabled]&amp;gt;:last-child:not(md-slider){color:rgba(0,0,0,0.38)}.md-subheader.md-default-theme.md-primary, .md-subheader.md-primary{color:rgb(63,81,181)}md-switch.md-default-theme.md-checked.md-primary .md-ink-ripple, md-switch.md-checked.md-primary .md-ink-ripple{color:rgb(63,81,181)}md-switch.md-default-theme.md-checked.md-primary .md-thumb, md-switch.md-checked.md-primary .md-thumb{background-color:rgb(63,81,181)}md-switch.md-default-theme.md-checked.md-primary .md-bar, md-switch.md-checked.md-primary .md-bar{background-color:rgba(63,81,181,0.5)}md-switch.md-default-theme.md-checked.md-primary.md-focused .md-thumb:before, md-switch.md-checked.md-primary.md-focused .md-thumb:before{background-color:rgba(63,81,181,0.26)}md-tabs.md-default-theme .md-paginator md-icon, md-tabs .md-paginator md-icon{color:rgb(63,81,181)}md-tabs.md-default-theme .md-tab, md-tabs .md-tab{color:rgba(0,0,0,0.54)}md-tabs.md-default-theme .md-tab[disabled], md-tabs .md-tab[disabled],md-tabs.md-default-theme .md-tab[disabled] md-icon, md-tabs .md-tab[disabled] md-icon{color:rgba(0,0,0,0.38)}md-tabs.md-default-theme .md-tab.md-active, md-tabs .md-tab.md-active,md-tabs.md-default-theme .md-tab.md-active md-icon, md-tabs .md-tab.md-active md-icon,md-tabs.md-default-theme .md-tab.md-focused, md-tabs .md-tab.md-focused,md-tabs.md-default-theme .md-tab.md-focused md-icon, md-tabs .md-tab.md-focused md-icon{color:rgb(63,81,181)}md-tabs.md-default-theme .md-tab.md-focused, md-tabs .md-tab.md-focused{background:rgba(63,81,181,0.1)}md-tabs.md-default-theme.md-primary&amp;gt;md-tabs-wrapper, md-tabs.md-primary&amp;gt;md-tabs-wrapper{background-color:rgb(63,81,181)}md-tabs.md-default-theme.md-primary&amp;gt;md-tabs-wrapper&amp;gt;md-tabs-canvas&amp;gt;md-pagination-wrapper&amp;gt;md-tab-item:not([disabled]), md-tabs.md-primary&amp;gt;md-tabs-wrapper&amp;gt;md-tabs-canvas&amp;gt;md-pagination-wrapper&amp;gt;md-tab-item:not([disabled]),md-tabs.md-default-theme.md-primary&amp;gt;md-tabs-wrapper&amp;gt;md-tabs-canvas&amp;gt;md-pagination-wrapper&amp;gt;md-tab-item:not([disabled]) md-icon, md-tabs.md-primary&amp;gt;md-tabs-wrapper&amp;gt;md-tabs-canvas&amp;gt;md-pagination-wrapper&amp;gt;md-tab-item:not([disabled]) md-icon{color:rgb(197,202,233)}md-tabs.md-default-theme.md-primary&amp;gt;md-tabs-wrapper&amp;gt;md-tabs-canvas&amp;gt;md-pagination-wrapper&amp;gt;md-tab-item:not([disabled]).md-active, md-tabs.md-primary&amp;gt;md-tabs-wrapper&amp;gt;md-tabs-canvas&amp;gt;md-pagination-wrapper&amp;gt;md-tab-item:not([disabled]).md-active,md-tabs.md-default-theme.md-primary&amp;gt;md-tabs-wrapper&amp;gt;md-tabs-canvas&amp;gt;md-pagination-wrapper&amp;gt;md-tab-item:not([disabled]).md-active md-icon, md-tabs.md-primary&amp;gt;md-tabs-wrapper&amp;gt;md-tabs-canvas&amp;gt;md-pagination-wrapper&amp;gt;md-tab-item:not([disabled]).md-active md-icon,md-tabs.md-default-theme.md-primary&amp;gt;md-tabs-wrapper&amp;gt;md-tabs-canvas&amp;gt;md-pagination-wrapper&amp;gt;md-tab-item:not([disabled]).md-focused, md-tabs.md-primary&amp;gt;md-tabs-wrapper&amp;gt;md-tabs-canvas&amp;gt;md-pagination-wrapper&amp;gt;md-tab-item:not([disabled]).md-focused,md-tabs.md-default-theme.md-primary&amp;gt;md-tabs-wrapper&amp;gt;md-tabs-canvas&amp;gt;md-pagination-wrapper&amp;gt;md-tab-item:not([disabled]).md-focused md-icon, md-tabs.md-primary&amp;gt;md-tabs-wrapper&amp;gt;md-tabs-canvas&amp;gt;md-pagination-wrapper&amp;gt;md-tab-item:not([disabled]).md-focused md-icon{color:rgba(255,255,255,0.87)}md-tabs.md-default-theme.md-primary&amp;gt;md-tabs-wrapper&amp;gt;md-tabs-canvas&amp;gt;md-pagination-wrapper&amp;gt;md-tab-item:not([disabled]).md-focused, md-tabs.md-primary&amp;gt;md-tabs-wrapper&amp;gt;md-tabs-canvas&amp;gt;md-pagination-wrapper&amp;gt;md-tab-item:not([disabled]).md-focused{background:rgba(255,255,255,0.1)}md-toolbar&amp;gt;md-tabs.md-default-theme&amp;gt;md-tabs-wrapper, md-toolbar&amp;gt;md-tabs&amp;gt;md-tabs-wrapper{background-color:rgb(63,81,181)}md-toolbar&amp;gt;md-tabs.md-default-theme&amp;gt;md-tabs-wrapper&amp;gt;md-tabs-canvas&amp;gt;md-pagination-wrapper&amp;gt;md-tab-item:not([disabled]), md-toolbar&amp;gt;md-tabs&amp;gt;md-tabs-wrapper&amp;gt;md-tabs-canvas&amp;gt;md-pagination-wrapper&amp;gt;md-tab-item:not([disabled]),md-toolbar&amp;gt;md-tabs.md-default-theme&amp;gt;md-tabs-wrapper&amp;gt;md-tabs-canvas&amp;gt;md-pagination-wrapper&amp;gt;md-tab-item:not([disabled]) md-icon, md-toolbar&amp;gt;md-tabs&amp;gt;md-tabs-wrapper&amp;gt;md-tabs-canvas&amp;gt;md-pagination-wrapper&amp;gt;md-tab-item:not([disabled]) md-icon{color:rgb(197,202,233)}md-toolbar&amp;gt;md-tabs.md-default-theme&amp;gt;md-tabs-wrapper&amp;gt;md-tabs-canvas&amp;gt;md-pagination-wrapper&amp;gt;md-tab-item:not([disabled]).md-active, md-toolbar&amp;gt;md-tabs&amp;gt;md-tabs-wrapper&amp;gt;md-tabs-canvas&amp;gt;md-pagination-wrapper&amp;gt;md-tab-item:not([disabled]).md-active,md-toolbar&amp;gt;md-tabs.md-default-theme&amp;gt;md-tabs-wrapper&amp;gt;md-tabs-canvas&amp;gt;md-pagination-wrapper&amp;gt;md-tab-item:not([disabled]).md-active md-icon, md-toolbar&amp;gt;md-tabs&amp;gt;md-tabs-wrapper&amp;gt;md-tabs-canvas&amp;gt;md-pagination-wrapper&amp;gt;md-tab-item:not([disabled]).md-active md-icon,md-toolbar&amp;gt;md-tabs.md-default-theme&amp;gt;md-tabs-wrapper&amp;gt;md-tabs-canvas&amp;gt;md-pagination-wrapper&amp;gt;md-tab-item:not([disabled]).md-focused, md-toolbar&amp;gt;md-tabs&amp;gt;md-tabs-wrapper&amp;gt;md-tabs-canvas&amp;gt;md-pagination-wrapper&amp;gt;md-tab-item:not([disabled]).md-focused,md-toolbar&amp;gt;md-tabs.md-default-theme&amp;gt;md-tabs-wrapper&amp;gt;md-tabs-canvas&amp;gt;md-pagination-wrapper&amp;gt;md-tab-item:not([disabled]).md-focused md-icon, md-toolbar&amp;gt;md-tabs&amp;gt;md-tabs-wrapper&amp;gt;md-tabs-canvas&amp;gt;md-pagination-wrapper&amp;gt;md-tab-item:not([disabled]).md-focused md-icon{color:rgba(255,255,255,0.87)}md-toolbar&amp;gt;md-tabs.md-default-theme&amp;gt;md-tabs-wrapper&amp;gt;md-tabs-canvas&amp;gt;md-pagination-wrapper&amp;gt;md-tab-item:not([disabled]).md-focused, md-toolbar&amp;gt;md-tabs&amp;gt;md-tabs-wrapper&amp;gt;md-tabs-canvas&amp;gt;md-pagination-wrapper&amp;gt;md-tab-item:not([disabled]).md-focused{background:rgba(255,255,255,0.1)}md-toast.md-default-theme .md-toast-content .md-button.md-highlight.md-primary, md-toast .md-toast-content .md-button.md-highlight.md-primary{color:rgb(63,81,181)}md-toolbar.md-default-theme:not(.md-menu-toolbar), md-toolbar:not(.md-menu-toolbar){background-color:rgb(63,81,181);color:rgba(255,255,255,0.87)}md-toolbar.md-default-theme:not(.md-menu-toolbar) md-icon, md-toolbar:not(.md-menu-toolbar) md-icon{color:rgba(255,255,255,0.87);fill:rgba(255,255,255,0.87)}md-toolbar.md-default-theme:not(.md-menu-toolbar) .md-button[disabled] md-icon, md-toolbar:not(.md-menu-toolbar) .md-button[disabled] md-icon{color:rgba(255,255,255,0.26);fill:rgba(255,255,255,0.26)}&lt;/style&gt;&lt;style md-theme-style=""&gt;md-autocomplete.md-default-theme.md-hue-1 input, md-autocomplete.md-hue-1 input{color:rgba(0,0,0,0.87)}.md-autocomplete-suggestions-container.md-default-theme.md-hue-1 li, .md-autocomplete-suggestions-container.md-hue-1 li{color:rgba(0,0,0,0.87)}md-bottom-sheet.md-default-theme.md-hue-1.md-list md-list-item, md-bottom-sheet.md-hue-1.md-list md-list-item{color:rgba(0,0,0,0.87)}.md-button.md-default-theme.md-hue-1.md-primary, .md-button.md-hue-1.md-primary{color:rgb(121,134,203)}.md-button.md-default-theme.md-hue-1.md-primary.md-fab, .md-button.md-hue-1.md-primary.md-fab,.md-button.md-default-theme.md-hue-1.md-primary.md-raised, .md-button.md-hue-1.md-primary.md-raised{color:rgb(255,255,255);background-color:rgb(121,134,203)}.md-button.md-default-theme.md-hue-1.md-primary.md-fab:not([disabled]) md-icon, .md-button.md-hue-1.md-primary.md-fab:not([disabled]) md-icon,.md-button.md-default-theme.md-hue-1.md-primary.md-raised:not([disabled]) md-icon, .md-button.md-hue-1.md-primary.md-raised:not([disabled]) md-icon{color:rgb(255,255,255)}.md-button.md-default-theme.md-hue-1.md-primary.md-fab:not([disabled]).md-focused, .md-button.md-hue-1.md-primary.md-fab:not([disabled]).md-focused,.md-button.md-default-theme.md-hue-1.md-primary.md-fab:not([disabled]):hover, .md-button.md-hue-1.md-primary.md-fab:not([disabled]):hover,.md-button.md-default-theme.md-hue-1.md-primary.md-raised:not([disabled]).md-focused, .md-button.md-hue-1.md-primary.md-raised:not([disabled]).md-focused,.md-button.md-default-theme.md-hue-1.md-primary.md-raised:not([disabled]):hover, .md-button.md-hue-1.md-primary.md-raised:not([disabled]):hover{background-color:rgb(57,73,171)}.md-button.md-default-theme.md-hue-1.md-primary:not([disabled]) md-icon, .md-button.md-hue-1.md-primary:not([disabled]) md-icon{color:rgb(121,134,203)}._md a.md-default-theme.md-hue-1:not(.md-button).md-primary, ._md a.md-hue-1:not(.md-button).md-primary{color:rgb(121,134,203)}._md a.md-default-theme.md-hue-1:not(.md-button).md-primary:hover, ._md a.md-hue-1:not(.md-button).md-primary:hover{color:rgb(48,63,159)}md-card.md-default-theme.md-hue-1 .md-card-image, md-card.md-hue-1 .md-card-image{border-radius:2px 2px 0 0}md-card.md-default-theme.md-hue-1 md-card-header md-card-header-text .md-subhead, md-card.md-hue-1 md-card-header md-card-header-text .md-subhead,md-card.md-default-theme.md-hue-1 md-card-title md-card-title-text:not(:only-child) .md-subhead, md-card.md-hue-1 md-card-title md-card-title-text:not(:only-child) .md-subhead{color:rgba(0,0,0,0.54)}md-checkbox.md-default-theme.md-hue-1 .md-ink-ripple, md-checkbox.md-hue-1 .md-ink-ripple{color:rgba(0,0,0,0.54)}md-checkbox.md-default-theme.md-hue-1:not(.md-checked) .md-icon, md-checkbox.md-hue-1:not(.md-checked) .md-icon{border-color:rgba(0,0,0,0.54)}md-checkbox.md-default-theme.md-hue-1:not([disabled]).md-primary .md-ripple, md-checkbox.md-hue-1:not([disabled]).md-primary .md-ripple{color:rgb(57,73,171)}md-checkbox.md-default-theme.md-hue-1:not([disabled]).md-primary.md-checked .md-ripple, md-checkbox.md-hue-1:not([disabled]).md-primary.md-checked .md-ripple{color:rgb(117,117,117)}md-checkbox.md-default-theme.md-hue-1:not([disabled]).md-primary .md-ink-ripple, md-checkbox.md-hue-1:not([disabled]).md-primary .md-ink-ripple{color:rgba(0,0,0,0.54)}md-checkbox.md-default-theme.md-hue-1:not([disabled]).md-primary.md-checked .md-ink-ripple, md-checkbox.md-hue-1:not([disabled]).md-primary.md-checked .md-ink-ripple{color:rgba(121,134,203,0.87)}md-checkbox.md-default-theme.md-hue-1:not([disabled]).md-primary:not(.md-checked) .md-icon, md-checkbox.md-hue-1:not([disabled]).md-primary:not(.md-checked) .md-icon{border-color:rgba(0,0,0,0.54)}md-checkbox.md-default-theme.md-hue-1:not([disabled]).md-primary.md-checked .md-icon, md-checkbox.md-hue-1:not([disabled]).md-primary.md-checked .md-icon{background-color:rgba(121,134,203,0.87)}md-checkbox.md-default-theme.md-hue-1:not([disabled]).md-primary.md-checked.md-focused .md-container:before, md-checkbox.md-hue-1:not([disabled]).md-primary.md-checked.md-focused .md-container:before{background-color:rgba(121,134,203,0.26)}md-checkbox.md-default-theme.md-hue-1:not([disabled]).md-primary.md-checked .md-icon:after, md-checkbox.md-hue-1:not([disabled]).md-primary.md-checked .md-icon:after{border-color:rgba(255,255,255,0.87)}md-checkbox.md-default-theme.md-hue-1:not([disabled]).md-primary .md-indeterminate[disabled] .md-container, md-checkbox.md-hue-1:not([disabled]).md-primary .md-indeterminate[disabled] .md-container{color:rgba(0,0,0,0.38)}md-checkbox.md-default-theme.md-hue-1[disabled]:not(.md-checked) .md-icon, md-checkbox.md-hue-1[disabled]:not(.md-checked) .md-icon{border-color:rgba(0,0,0,0.38)}md-checkbox.md-default-theme.md-hue-1[disabled] .md-icon:after, md-checkbox.md-hue-1[disabled] .md-icon:after{border-color:rgba(0,0,0,0.38)}md-checkbox.md-default-theme.md-hue-1[disabled] .md-label, md-checkbox.md-hue-1[disabled] .md-label{color:rgba(0,0,0,0.38)}md-chips.md-default-theme.md-hue-1 .md-chips, md-chips.md-hue-1 .md-chips{box-shadow:0 1px rgba(0,0,0,0.12)}md-chips.md-default-theme.md-hue-1 .md-chips.md-focused, md-chips.md-hue-1 .md-chips.md-focused{box-shadow:0 2px rgb(121,134,203)}md-chips.md-default-theme.md-hue-1 .md-chips .md-chip-input-container input, md-chips.md-hue-1 .md-chips .md-chip-input-container input{color:rgba(0,0,0,0.87)}md-chips.md-default-theme.md-hue-1 .md-chips .md-chip-input-container input:-moz-placeholder, md-chips.md-hue-1 .md-chips .md-chip-input-container input:-moz-placeholder,md-chips.md-default-theme.md-hue-1 .md-chips .md-chip-input-container input::-moz-placeholder, md-chips.md-hue-1 .md-chips .md-chip-input-container input::-moz-placeholder{color:rgba(0,0,0,0.38)}md-chips.md-default-theme.md-hue-1 .md-chips .md-chip-input-container input:-ms-input-placeholder, md-chips.md-hue-1 .md-chips .md-chip-input-container input:-ms-input-placeholder{color:rgba(0,0,0,0.38)}md-chips.md-default-theme.md-hue-1 .md-chips .md-chip-input-container input::-webkit-input-placeholder, md-chips.md-hue-1 .md-chips .md-chip-input-container input::-webkit-input-placeholder{color:rgba(0,0,0,0.38)}md-chips.md-default-theme.md-hue-1 md-chip.md-focused, md-chips.md-hue-1 md-chip.md-focused{background:rgb(121,134,203);color:rgb(255,255,255)}md-chips.md-default-theme.md-hue-1 md-chip.md-focused md-icon, md-chips.md-hue-1 md-chip.md-focused md-icon{color:rgb(255,255,255)}.md-default-theme.md-hue-1 .md-calendar-date.md-calendar-date-today .md-calendar-date-selection-indicator, .md-hue-1 .md-calendar-date.md-calendar-date-today .md-calendar-date-selection-indicator{border:1px solid rgb(63,81,181)}.md-default-theme.md-hue-1 .md-calendar-date.md-calendar-date-today.md-calendar-date-disabled, .md-hue-1 .md-calendar-date.md-calendar-date-today.md-calendar-date-disabled{color:rgba(63,81,181,0.6)}.md-default-theme.md-hue-1 .md-calendar-date.md-calendar-selected-date .md-calendar-date-selection-indicator, .md-hue-1 .md-calendar-date.md-calendar-selected-date .md-calendar-date-selection-indicator,.md-default-theme.md-hue-1 .md-calendar-date.md-focus.md-calendar-selected-date .md-calendar-date-selection-indicator, .md-hue-1 .md-calendar-date.md-focus.md-calendar-selected-date .md-calendar-date-selection-indicator{background:rgb(63,81,181);color:rgba(255,255,255,0.87);border-color:transparent}.md-default-theme.md-hue-1 .md-calendar-date-disabled, .md-hue-1 .md-calendar-date-disabled,.md-default-theme.md-hue-1 .md-calendar-month-label-disabled, .md-hue-1 .md-calendar-month-label-disabled{color:rgba(0,0,0,0.38)}.md-default-theme.md-hue-1 .md-datepicker-input, .md-hue-1 .md-datepicker-input{color:rgba(0,0,0,0.87)}.md-default-theme.md-hue-1 .md-datepicker-input:-moz-placeholder, .md-hue-1 .md-datepicker-input:-moz-placeholder,.md-default-theme.md-hue-1 .md-datepicker-input::-moz-placeholder, .md-hue-1 .md-datepicker-input::-moz-placeholder{color:rgba(0,0,0,0.38)}.md-default-theme.md-hue-1 .md-datepicker-input:-ms-input-placeholder, .md-hue-1 .md-datepicker-input:-ms-input-placeholder{color:rgba(0,0,0,0.38)}.md-default-theme.md-hue-1 .md-datepicker-input::-webkit-input-placeholder, .md-hue-1 .md-datepicker-input::-webkit-input-placeholder{color:rgba(0,0,0,0.38)}.md-default-theme.md-hue-1 .md-datepicker-input-container, .md-hue-1 .md-datepicker-input-container{border-bottom-color:rgba(0,0,0,0.12)}.md-default-theme.md-hue-1 .md-datepicker-input-container.md-datepicker-focused, .md-hue-1 .md-datepicker-input-container.md-datepicker-focused{border-bottom-color:rgb(121,134,203)}.md-default-theme.md-hue-1 .md-datepicker-triangle-button .md-datepicker-expand-triangle, .md-hue-1 .md-datepicker-triangle-button .md-datepicker-expand-triangle{border-top-color:rgba(0,0,0,0.54)}.md-default-theme.md-hue-1 .md-datepicker-open .md-datepicker-calendar-icon, .md-hue-1 .md-datepicker-open .md-datepicker-calendar-icon{color:rgb(121,134,203)}md-dialog.md-default-theme.md-hue-1.md-content-overflow .md-actions, md-dialog.md-hue-1.md-content-overflow .md-actions,md-dialog.md-default-theme.md-hue-1.md-content-overflow md-dialog-actions, md-dialog.md-hue-1.md-content-overflow md-dialog-actions,md-divider.md-default-theme.md-hue-1, md-divider.md-hue-1{border-top-color:rgba(0,0,0,0.12)}.layout-gt-lg-row&amp;gt;md-divider.md-default-theme.md-hue-1, .layout-gt-lg-row&amp;gt;md-divider.md-hue-1,.layout-gt-md-row&amp;gt;md-divider.md-default-theme.md-hue-1, .layout-gt-md-row&amp;gt;md-divider.md-hue-1,.layout-gt-sm-row&amp;gt;md-divider.md-default-theme.md-hue-1, .layout-gt-sm-row&amp;gt;md-divider.md-hue-1,.layout-gt-xs-row&amp;gt;md-divider.md-default-theme.md-hue-1, .layout-gt-xs-row&amp;gt;md-divider.md-hue-1,.layout-lg-row&amp;gt;md-divider.md-default-theme.md-hue-1, .layout-lg-row&amp;gt;md-divider.md-hue-1,.layout-md-row&amp;gt;md-divider.md-default-theme.md-hue-1, .layout-md-row&amp;gt;md-divider.md-hue-1,.layout-row&amp;gt;md-divider.md-default-theme.md-hue-1, .layout-row&amp;gt;md-divider.md-hue-1,.layout-sm-row&amp;gt;md-divider.md-default-theme.md-hue-1, .layout-sm-row&amp;gt;md-divider.md-hue-1,.layout-xl-row&amp;gt;md-divider.md-default-theme.md-hue-1, .layout-xl-row&amp;gt;md-divider.md-hue-1,.layout-xs-row&amp;gt;md-divider.md-default-theme.md-hue-1, .layout-xs-row&amp;gt;md-divider.md-hue-1{border-right-color:rgba(0,0,0,0.12)}md-icon.md-default-theme.md-hue-1, md-icon.md-hue-1{color:rgba(0,0,0,0.54)}md-icon.md-default-theme.md-hue-1.md-primary, md-icon.md-hue-1.md-primary{color:rgb(121,134,203)}md-input-container.md-default-theme.md-hue-1 .md-input, md-input-container.md-hue-1 .md-input{color:rgba(0,0,0,0.87);border-color:rgba(0,0,0,0.12)}md-input-container.md-default-theme.md-hue-1 .md-input:-moz-placeholder, md-input-container.md-hue-1 .md-input:-moz-placeholder,md-input-container.md-default-theme.md-hue-1 .md-input::-moz-placeholder, md-input-container.md-hue-1 .md-input::-moz-placeholder{color:rgba(0,0,0,0.38)}md-input-container.md-default-theme.md-hue-1 .md-input:-ms-input-placeholder, md-input-container.md-hue-1 .md-input:-ms-input-placeholder{color:rgba(0,0,0,0.38)}md-input-container.md-default-theme.md-hue-1 .md-input::-webkit-input-placeholder, md-input-container.md-hue-1 .md-input::-webkit-input-placeholder{color:rgba(0,0,0,0.38)}md-input-container.md-default-theme.md-hue-1&amp;gt;md-icon, md-input-container.md-hue-1&amp;gt;md-icon{color:rgba(0,0,0,0.87)}md-input-container.md-default-theme.md-hue-1 .md-placeholder, md-input-container.md-hue-1 .md-placeholder,md-input-container.md-default-theme.md-hue-1 label, md-input-container.md-hue-1 label{color:rgba(0,0,0,0.38)}md-input-container.md-default-theme.md-hue-1:not(.md-input-focused):not(.md-input-invalid) label.md-required:after, md-input-container.md-hue-1:not(.md-input-focused):not(.md-input-invalid) label.md-required:after{color:rgba(0,0,0,0.54)}md-input-container.md-default-theme.md-hue-1 .md-input-message-animation .md-char-counter, md-input-container.md-hue-1 .md-input-message-animation .md-char-counter,md-input-container.md-default-theme.md-hue-1 .md-input-messages-animation .md-char-counter, md-input-container.md-hue-1 .md-input-messages-animation .md-char-counter{color:rgba(0,0,0,0.87)}md-input-container.md-default-theme.md-hue-1.md-input-focused .md-input:-moz-placeholder, md-input-container.md-hue-1.md-input-focused .md-input:-moz-placeholder,md-input-container.md-default-theme.md-hue-1.md-input-focused .md-input::-moz-placeholder, md-input-container.md-hue-1.md-input-focused .md-input::-moz-placeholder{color:rgba(0,0,0,0.54)}md-input-container.md-default-theme.md-hue-1.md-input-focused .md-input:-ms-input-placeholder, md-input-container.md-hue-1.md-input-focused .md-input:-ms-input-placeholder{color:rgba(0,0,0,0.54)}md-input-container.md-default-theme.md-hue-1.md-input-focused .md-input::-webkit-input-placeholder, md-input-container.md-hue-1.md-input-focused .md-input::-webkit-input-placeholder{color:rgba(0,0,0,0.54)}md-input-container.md-default-theme.md-hue-1:not(.md-input-invalid).md-input-has-value label, md-input-container.md-hue-1:not(.md-input-invalid).md-input-has-value label{color:rgba(0,0,0,0.54)}md-input-container.md-default-theme.md-hue-1:not(.md-input-invalid).md-input-focused .md-input, md-input-container.md-hue-1:not(.md-input-invalid).md-input-focused .md-input,md-input-container.md-default-theme.md-hue-1:not(.md-input-invalid).md-input-resized .md-input, md-input-container.md-hue-1:not(.md-input-invalid).md-input-resized .md-input{border-color:rgb(121,134,203)}md-input-container.md-default-theme.md-hue-1:not(.md-input-invalid).md-input-focused label, md-input-container.md-hue-1:not(.md-input-invalid).md-input-focused label,md-input-container.md-default-theme.md-hue-1:not(.md-input-invalid).md-input-focused md-icon, md-input-container.md-hue-1:not(.md-input-invalid).md-input-focused md-icon{color:rgb(121,134,203)}md-list.md-default-theme.md-hue-1 md-list-item.md-2-line .md-list-item-text h3, md-list.md-hue-1 md-list-item.md-2-line .md-list-item-text h3,md-list.md-default-theme.md-hue-1 md-list-item.md-2-line .md-list-item-text h4, md-list.md-hue-1 md-list-item.md-2-line .md-list-item-text h4,md-list.md-default-theme.md-hue-1 md-list-item.md-3-line .md-list-item-text h3, md-list.md-hue-1 md-list-item.md-3-line .md-list-item-text h3,md-list.md-default-theme.md-hue-1 md-list-item.md-3-line .md-list-item-text h4, md-list.md-hue-1 md-list-item.md-3-line .md-list-item-text h4{color:rgba(0,0,0,0.87)}md-list.md-default-theme.md-hue-1 md-list-item.md-2-line .md-list-item-text p, md-list.md-hue-1 md-list-item.md-2-line .md-list-item-text p,md-list.md-default-theme.md-hue-1 md-list-item.md-3-line .md-list-item-text p, md-list.md-hue-1 md-list-item.md-3-line .md-list-item-text p{color:rgba(0,0,0,0.54)}md-list.md-default-theme.md-hue-1 md-list-item&amp;gt;md-icon, md-list.md-hue-1 md-list-item&amp;gt;md-icon{color:rgba(0,0,0,0.54)}md-list.md-default-theme.md-hue-1 md-list-item&amp;gt;md-icon.md-highlight, md-list.md-hue-1 md-list-item&amp;gt;md-icon.md-highlight{color:rgb(121,134,203)}md-menu-content.md-default-theme.md-hue-1 md-menu-item, md-menu-content.md-hue-1 md-menu-item{color:rgba(0,0,0,0.87)}md-menu-content.md-default-theme.md-hue-1 md-menu-item md-icon, md-menu-content.md-hue-1 md-menu-item md-icon{color:rgba(0,0,0,0.54)}md-menu-content.md-default-theme.md-hue-1 md-menu-item .md-button[disabled], md-menu-content.md-hue-1 md-menu-item .md-button[disabled],md-menu-content.md-default-theme.md-hue-1 md-menu-item .md-button[disabled] md-icon, md-menu-content.md-hue-1 md-menu-item .md-button[disabled] md-icon{color:rgba(0,0,0,0.38)}md-menu-bar.md-default-theme.md-hue-1&amp;gt;button.md-button, md-menu-bar.md-hue-1&amp;gt;button.md-button{color:rgba(0,0,0,0.54);border-radius:2px}md-toolbar.md-default-theme.md-hue-1.md-menu-toolbar md-toolbar-filler, md-toolbar.md-hue-1.md-menu-toolbar md-toolbar-filler{background-color:rgb(121,134,203);color:rgba(255,255,255,0.87)}md-nav-bar.md-default-theme.md-hue-1 .md-button._md-nav-button.md-unselected, md-nav-bar.md-hue-1 .md-button._md-nav-button.md-unselected{color:rgba(0,0,0,0.54)}md-nav-bar.md-default-theme.md-hue-1.md-primary&amp;gt;.md-nav-bar, md-nav-bar.md-hue-1.md-primary&amp;gt;.md-nav-bar{background-color:rgb(121,134,203)}md-nav-bar.md-default-theme.md-hue-1.md-primary&amp;gt;.md-nav-bar .md-button._md-nav-button, md-nav-bar.md-hue-1.md-primary&amp;gt;.md-nav-bar .md-button._md-nav-button{color:rgb(197,202,233)}md-nav-bar.md-default-theme.md-hue-1.md-primary&amp;gt;.md-nav-bar .md-button._md-nav-button.md-active, md-nav-bar.md-hue-1.md-primary&amp;gt;.md-nav-bar .md-button._md-nav-button.md-active,md-nav-bar.md-default-theme.md-hue-1.md-primary&amp;gt;.md-nav-bar .md-button._md-nav-button.md-focused, md-nav-bar.md-hue-1.md-primary&amp;gt;.md-nav-bar .md-button._md-nav-button.md-focused{color:rgb(255,255,255)}md-nav-bar.md-default-theme.md-hue-1.md-primary&amp;gt;.md-nav-bar .md-button._md-nav-button.md-focused, md-nav-bar.md-hue-1.md-primary&amp;gt;.md-nav-bar .md-button._md-nav-button.md-focused{background:rgba(255,255,255,0.1)}md-toolbar&amp;gt;md-nav-bar.md-default-theme.md-hue-1&amp;gt;.md-nav-bar, md-toolbar&amp;gt;md-nav-bar.md-hue-1&amp;gt;.md-nav-bar{background-color:rgb(121,134,203)}md-toolbar&amp;gt;md-nav-bar.md-default-theme.md-hue-1&amp;gt;.md-nav-bar .md-button._md-nav-button, md-toolbar&amp;gt;md-nav-bar.md-hue-1&amp;gt;.md-nav-bar .md-button._md-nav-button{color:rgb(197,202,233)}md-toolbar&amp;gt;md-nav-bar.md-default-theme.md-hue-1&amp;gt;.md-nav-bar .md-button._md-nav-button.md-active, md-toolbar&amp;gt;md-nav-bar.md-hue-1&amp;gt;.md-nav-bar .md-button._md-nav-button.md-active,md-toolbar&amp;gt;md-nav-bar.md-default-theme.md-hue-1&amp;gt;.md-nav-bar .md-button._md-nav-button.md-focused, md-toolbar&amp;gt;md-nav-bar.md-hue-1&amp;gt;.md-nav-bar .md-button._md-nav-button.md-focused{color:rgb(255,255,255)}md-toolbar&amp;gt;md-nav-bar.md-default-theme.md-hue-1&amp;gt;.md-nav-bar .md-button._md-nav-button.md-focused, md-toolbar&amp;gt;md-nav-bar.md-hue-1&amp;gt;.md-nav-bar .md-button._md-nav-button.md-focused{background:rgba(255,255,255,0.1)}md-progress-circular.md-default-theme.md-hue-1 path, md-progress-circular.md-hue-1 path{stroke:rgb(121,134,203)}md-progress-linear.md-default-theme.md-hue-1 .md-container, md-progress-linear.md-hue-1 .md-container{background-color:rgb(197,202,233)}md-progress-linear.md-default-theme.md-hue-1 .md-bar, md-progress-linear.md-hue-1 .md-bar{background-color:rgb(121,134,203)}md-progress-linear.md-default-theme.md-hue-1[md-mode=buffer].md-primary .md-bar1, md-progress-linear.md-hue-1[md-mode=buffer].md-primary .md-bar1{background-color:rgb(197,202,233)}md-progress-linear.md-default-theme.md-hue-1[md-mode=buffer].md-primary .md-dashed:before, md-progress-linear.md-hue-1[md-mode=buffer].md-primary .md-dashed:before{background:radial-gradient(rgb(197,202,233) 0,rgb(197,202,233) 16%,transparent 42%)}md-radio-button.md-default-theme.md-hue-1 .md-off, md-radio-button.md-hue-1 .md-off{border-color:rgba(0,0,0,0.54)}md-radio-button.md-default-theme.md-hue-1:not([disabled]).md-primary .md-on, md-radio-button.md-hue-1:not([disabled]).md-primary .md-on,md-radio-button.md-default-theme.md-hue-1:not([disabled]) .md-primary .md-on, md-radio-button.md-hue-1:not([disabled]) .md-primary .md-on,md-radio-group.md-default-theme.md-hue-1:not([disabled]).md-primary .md-on, md-radio-group.md-hue-1:not([disabled]).md-primary .md-on,md-radio-group.md-default-theme.md-hue-1:not([disabled]) .md-primary .md-on, md-radio-group.md-hue-1:not([disabled]) .md-primary .md-on{background-color:rgba(121,134,203,0.87)}md-radio-button.md-default-theme.md-hue-1:not([disabled]).md-primary.md-checked .md-off, md-radio-button.md-hue-1:not([disabled]).md-primary.md-checked .md-off,md-radio-button.md-default-theme.md-hue-1:not([disabled]) .md-primary.md-checked .md-off, md-radio-button.md-hue-1:not([disabled]) .md-primary.md-checked .md-off,md-radio-button.md-default-theme.md-hue-1:not([disabled]).md-primary .md-checked .md-off, md-radio-button.md-hue-1:not([disabled]).md-primary .md-checked .md-off,md-radio-button.md-default-theme.md-hue-1:not([disabled]) .md-primary .md-checked .md-off, md-radio-button.md-hue-1:not([disabled]) .md-primary .md-checked .md-off,md-radio-group.md-default-theme.md-hue-1:not([disabled]).md-primary.md-checked .md-off, md-radio-group.md-hue-1:not([disabled]).md-primary.md-checked .md-off,md-radio-group.md-default-theme.md-hue-1:not([disabled]) .md-primary.md-checked .md-off, md-radio-group.md-hue-1:not([disabled]) .md-primary.md-checked .md-off,md-radio-group.md-default-theme.md-hue-1:not([disabled]).md-primary .md-checked .md-off, md-radio-group.md-hue-1:not([disabled]).md-primary .md-checked .md-off,md-radio-group.md-default-theme.md-hue-1:not([disabled]) .md-primary .md-checked .md-off, md-radio-group.md-hue-1:not([disabled]) .md-primary .md-checked .md-off{border-color:rgba(121,134,203,0.87)}md-radio-button.md-default-theme.md-hue-1:not([disabled]).md-primary.md-checked .md-ink-ripple, md-radio-button.md-hue-1:not([disabled]).md-primary.md-checked .md-ink-ripple,md-radio-button.md-default-theme.md-hue-1:not([disabled]) .md-primary.md-checked .md-ink-ripple, md-radio-button.md-hue-1:not([disabled]) .md-primary.md-checked .md-ink-ripple,md-radio-button.md-default-theme.md-hue-1:not([disabled]).md-primary .md-checked .md-ink-ripple, md-radio-button.md-hue-1:not([disabled]).md-primary .md-checked .md-ink-ripple,md-radio-button.md-default-theme.md-hue-1:not([disabled]) .md-primary .md-checked .md-ink-ripple, md-radio-button.md-hue-1:not([disabled]) .md-primary .md-checked .md-ink-ripple,md-radio-group.md-default-theme.md-hue-1:not([disabled]).md-primary.md-checked .md-ink-ripple, md-radio-group.md-hue-1:not([disabled]).md-primary.md-checked .md-ink-ripple,md-radio-group.md-default-theme.md-hue-1:not([disabled]) .md-primary.md-checked .md-ink-ripple, md-radio-group.md-hue-1:not([disabled]) .md-primary.md-checked .md-ink-ripple,md-radio-group.md-default-theme.md-hue-1:not([disabled]).md-primary .md-checked .md-ink-ripple, md-radio-group.md-hue-1:not([disabled]).md-primary .md-checked .md-ink-ripple,md-radio-group.md-default-theme.md-hue-1:not([disabled]) .md-primary .md-checked .md-ink-ripple, md-radio-group.md-hue-1:not([disabled]) .md-primary .md-checked .md-ink-ripple{color:rgba(121,134,203,0.87)}md-radio-button.md-default-theme.md-hue-1:not([disabled]).md-primary .md-container .md-ripple, md-radio-button.md-hue-1:not([disabled]).md-primary .md-container .md-ripple,md-radio-button.md-default-theme.md-hue-1:not([disabled]) .md-primary .md-container .md-ripple, md-radio-button.md-hue-1:not([disabled]) .md-primary .md-container .md-ripple,md-radio-group.md-default-theme.md-hue-1:not([disabled]).md-primary .md-container .md-ripple, md-radio-group.md-hue-1:not([disabled]).md-primary .md-container .md-ripple,md-radio-group.md-default-theme.md-hue-1:not([disabled]) .md-primary .md-container .md-ripple, md-radio-group.md-hue-1:not([disabled]) .md-primary .md-container .md-ripple{color:rgb(57,73,171)}md-radio-button.md-default-theme.md-hue-1[disabled], md-radio-button.md-hue-1[disabled],md-radio-group.md-default-theme.md-hue-1[disabled], md-radio-group.md-hue-1[disabled]{color:rgba(0,0,0,0.38)}md-radio-button.md-default-theme.md-hue-1[disabled] .md-container .md-off, md-radio-button.md-hue-1[disabled] .md-container .md-off,md-radio-button.md-default-theme.md-hue-1[disabled] .md-container .md-on, md-radio-button.md-hue-1[disabled] .md-container .md-on,md-radio-group.md-default-theme.md-hue-1[disabled] .md-container .md-off, md-radio-group.md-hue-1[disabled] .md-container .md-off,md-radio-group.md-default-theme.md-hue-1[disabled] .md-container .md-on, md-radio-group.md-hue-1[disabled] .md-container .md-on{border-color:rgba(0,0,0,0.38)}md-radio-group.md-default-theme.md-hue-1 .md-checked:not([disabled]).md-primary .md-ink-ripple, md-radio-group.md-hue-1 .md-checked:not([disabled]).md-primary .md-ink-ripple,md-radio-group.md-default-theme.md-hue-1.md-primary .md-checked:not([disabled]) .md-ink-ripple, md-radio-group.md-hue-1.md-primary .md-checked:not([disabled]) .md-ink-ripple{color:rgba(121,134,203,0.26)}md-radio-group.md-default-theme.md-hue-1.md-focused:not(:empty) .md-checked.md-primary .md-container:before, md-radio-group.md-hue-1.md-focused:not(:empty) .md-checked.md-primary .md-container:before,md-radio-group.md-default-theme.md-hue-1.md-focused:not(:empty).md-primary .md-checked .md-container:before, md-radio-group.md-hue-1.md-focused:not(:empty).md-primary .md-checked .md-container:before{background-color:rgba(121,134,203,0.26)}md-input-container:not(.md-input-focused):not(.md-input-invalid) md-select.md-default-theme.md-hue-1 .md-select-value span:first-child:after, md-input-container:not(.md-input-focused):not(.md-input-invalid) md-select.md-hue-1 .md-select-value span:first-child:after{color:rgba(0,0,0,0.38)}md-input-container.md-input-focused:not(.md-input-has-value) md-select.md-default-theme.md-hue-1 .md-select-value, md-input-container.md-input-focused:not(.md-input-has-value) md-select.md-hue-1 .md-select-value,md-input-container.md-input-focused:not(.md-input-has-value) md-select.md-default-theme.md-hue-1 .md-select-value.md-select-placeholder, md-input-container.md-input-focused:not(.md-input-has-value) md-select.md-hue-1 .md-select-value.md-select-placeholder{color:rgb(121,134,203)}md-input-container.md-input-invalid md-select.md-default-theme.md-hue-1.md-no-underline .md-select-value, md-input-container.md-input-invalid md-select.md-hue-1.md-no-underline .md-select-value{border-bottom-color:transparent!important}md-select.md-default-theme.md-hue-1 .md-select-value, md-select.md-hue-1 .md-select-value{border-bottom-color:rgba(0,0,0,0.12)}md-select.md-default-theme.md-hue-1 .md-select-value.md-select-placeholder, md-select.md-hue-1 .md-select-value.md-select-placeholder{color:rgba(0,0,0,0.38)}md-select.md-default-theme.md-hue-1.md-no-underline .md-select-value, md-select.md-hue-1.md-no-underline .md-select-value{border-bottom-color:transparent!important}md-select.md-default-theme.md-hue-1.ng-invalid.ng-touched.md-no-underline .md-select-value, md-select.md-hue-1.ng-invalid.ng-touched.md-no-underline .md-select-value{border-bottom-color:transparent!important}md-select.md-default-theme.md-hue-1:not([disabled]):focus .md-select-value, md-select.md-hue-1:not([disabled]):focus .md-select-value{border-bottom-color:rgb(121,134,203);color:rgba(0,0,0,0.87)}md-select.md-default-theme.md-hue-1:not([disabled]):focus .md-select-value.md-select-placeholder, md-select.md-hue-1:not([disabled]):focus .md-select-value.md-select-placeholder{color:rgba(0,0,0,0.87)}md-select.md-default-theme.md-hue-1:not([disabled]):focus.md-no-underline .md-select-value, md-select.md-hue-1:not([disabled]):focus.md-no-underline .md-select-value{border-bottom-color:transparent!important}md-select.md-default-theme.md-hue-1[disabled] .md-select-icon, md-select.md-hue-1[disabled] .md-select-icon,md-select.md-default-theme.md-hue-1[disabled] .md-select-value, md-select.md-hue-1[disabled] .md-select-value,md-select.md-default-theme.md-hue-1[disabled] .md-select-value.md-select-placeholder, md-select.md-hue-1[disabled] .md-select-value.md-select-placeholder{color:rgba(0,0,0,0.38)}md-select.md-default-theme.md-hue-1 .md-select-icon, md-select.md-hue-1 .md-select-icon{color:rgba(0,0,0,0.54)}md-select-menu.md-default-theme.md-hue-1 md-content md-optgroup, md-select-menu.md-hue-1 md-content md-optgroup{color:rgba(0,0,0,0.54)}md-select-menu.md-default-theme.md-hue-1 md-content md-option, md-select-menu.md-hue-1 md-content md-option{color:rgba(0,0,0,0.87)}md-select-menu.md-default-theme.md-hue-1 md-content md-option[disabled] .md-text, md-select-menu.md-hue-1 md-content md-option[disabled] .md-text{color:rgba(0,0,0,0.38)}md-select-menu.md-default-theme.md-hue-1 md-content md-option[selected], md-select-menu.md-hue-1 md-content md-option[selected]{color:rgb(63,81,181)}md-select-menu.md-default-theme.md-hue-1 md-content md-option[selected]:focus, md-select-menu.md-hue-1 md-content md-option[selected]:focus{color:rgb(57,73,171)}.md-checkbox-enabled.md-default-theme.md-hue-1 .md-ripple, .md-checkbox-enabled.md-hue-1 .md-ripple{color:rgb(57,73,171)}.md-checkbox-enabled.md-default-theme.md-hue-1 .md-ink-ripple, .md-checkbox-enabled.md-hue-1 .md-ink-ripple{color:rgba(0,0,0,0.54)}.md-checkbox-enabled.md-default-theme.md-hue-1[selected] .md-ink-ripple, .md-checkbox-enabled.md-hue-1[selected] .md-ink-ripple{color:rgba(121,134,203,0.87)}.md-checkbox-enabled.md-default-theme.md-hue-1:not(.md-checked) .md-icon, .md-checkbox-enabled.md-hue-1:not(.md-checked) .md-icon{border-color:rgba(0,0,0,0.54)}.md-checkbox-enabled.md-default-theme.md-hue-1[selected] .md-icon, .md-checkbox-enabled.md-hue-1[selected] .md-icon{background-color:rgba(121,134,203,0.87)}.md-checkbox-enabled.md-default-theme.md-hue-1[selected].md-focused .md-container:before, .md-checkbox-enabled.md-hue-1[selected].md-focused .md-container:before{background-color:rgba(121,134,203,0.26)}.md-checkbox-enabled.md-default-theme.md-hue-1[selected] .md-icon:after, .md-checkbox-enabled.md-hue-1[selected] .md-icon:after{border-color:rgba(255,255,255,0.87)}.md-checkbox-enabled.md-default-theme.md-hue-1 .md-indeterminate[disabled] .md-container, .md-checkbox-enabled.md-hue-1 .md-indeterminate[disabled] .md-container{color:rgba(0,0,0,0.38)}.md-checkbox-enabled.md-default-theme.md-hue-1 md-option .md-text, .md-checkbox-enabled.md-hue-1 md-option .md-text{color:rgba(0,0,0,0.87)}md-slider.md-default-theme.md-hue-1.md-primary .md-focus-ring, md-slider.md-hue-1.md-primary .md-focus-ring{background-color:rgba(159,168,218,0.38)}md-slider.md-default-theme.md-hue-1.md-primary .md-track.md-track-fill, md-slider.md-hue-1.md-primary .md-track.md-track-fill{background-color:rgb(121,134,203)}md-slider.md-default-theme.md-hue-1.md-primary .md-thumb:after, md-slider.md-hue-1.md-primary .md-thumb:after{border-color:rgb(121,134,203);background-color:rgb(121,134,203)}md-slider.md-default-theme.md-hue-1.md-primary .md-sign, md-slider.md-hue-1.md-primary .md-sign{background-color:rgb(121,134,203)}md-slider.md-default-theme.md-hue-1.md-primary .md-sign:after, md-slider.md-hue-1.md-primary .md-sign:after{border-top-color:rgb(121,134,203)}md-slider.md-default-theme.md-hue-1.md-primary[md-vertical] .md-sign:after, md-slider.md-hue-1.md-primary[md-vertical] .md-sign:after{border-top-color:transparent;border-left-color:rgb(121,134,203)}md-slider.md-default-theme.md-hue-1.md-primary .md-thumb-text, md-slider.md-hue-1.md-primary .md-thumb-text{color:rgb(255,255,255)}md-slider.md-default-theme.md-hue-1[disabled] .md-thumb:after, md-slider.md-hue-1[disabled] .md-thumb:after{border-color:transparent}md-slider-container[disabled]&amp;gt;:first-child:not(md-slider),md-slider-container[disabled]&amp;gt;:last-child:not(md-slider){color:rgba(0,0,0,0.38)}.md-subheader.md-default-theme.md-hue-1.md-primary, .md-subheader.md-hue-1.md-primary{color:rgb(121,134,203)}md-switch.md-default-theme.md-hue-1.md-checked.md-primary .md-ink-ripple, md-switch.md-hue-1.md-checked.md-primary .md-ink-ripple{color:rgb(121,134,203)}md-switch.md-default-theme.md-hue-1.md-checked.md-primary .md-thumb, md-switch.md-hue-1.md-checked.md-primary .md-thumb{background-color:rgb(121,134,203)}md-switch.md-default-theme.md-hue-1.md-checked.md-primary .md-bar, md-switch.md-hue-1.md-checked.md-primary .md-bar{background-color:rgba(121,134,203,0.5)}md-switch.md-default-theme.md-hue-1.md-checked.md-primary.md-focused .md-thumb:before, md-switch.md-hue-1.md-checked.md-primary.md-focused .md-thumb:before{background-color:rgba(121,134,203,0.26)}md-tabs.md-default-theme.md-hue-1 .md-paginator md-icon, md-tabs.md-hue-1 .md-paginator md-icon{color:rgb(121,134,203)}md-tabs.md-default-theme.md-hue-1 .md-tab, md-tabs.md-hue-1 .md-tab{color:rgba(0,0,0,0.54)}md-tabs.md-default-theme.md-hue-1 .md-tab[disabled], md-tabs.md-hue-1 .md-tab[disabled],md-tabs.md-default-theme.md-hue-1 .md-tab[disabled] md-icon, md-tabs.md-hue-1 .md-tab[disabled] md-icon{color:rgba(0,0,0,0.38)}md-tabs.md-default-theme.md-hue-1 .md-tab.md-active, md-tabs.md-hue-1 .md-tab.md-active,md-tabs.md-default-theme.md-hue-1 .md-tab.md-active md-icon, md-tabs.md-hue-1 .md-tab.md-active md-icon,md-tabs.md-default-theme.md-hue-1 .md-tab.md-focused, md-tabs.md-hue-1 .md-tab.md-focused,md-tabs.md-default-theme.md-hue-1 .md-tab.md-focused md-icon, md-tabs.md-hue-1 .md-tab.md-focused md-icon{color:rgb(121,134,203)}md-tabs.md-default-theme.md-hue-1 .md-tab.md-focused, md-tabs.md-hue-1 .md-tab.md-focused{background:rgba(121,134,203,0.1)}md-tabs.md-default-theme.md-hue-1.md-primary&amp;gt;md-tabs-wrapper, md-tabs.md-hue-1.md-primary&amp;gt;md-tabs-wrapper{background-color:rgb(121,134,203)}md-tabs.md-default-theme.md-hue-1.md-primary&amp;gt;md-tabs-wrapper&amp;gt;md-tabs-canvas&amp;gt;md-pagination-wrapper&amp;gt;md-tab-item:not([disabled]), md-tabs.md-hue-1.md-primary&amp;gt;md-tabs-wrapper&amp;gt;md-tabs-canvas&amp;gt;md-pagination-wrapper&amp;gt;md-tab-item:not([disabled]),md-tabs.md-default-theme.md-hue-1.md-primary&amp;gt;md-tabs-wrapper&amp;gt;md-tabs-canvas&amp;gt;md-pagination-wrapper&amp;gt;md-tab-item:not([disabled]) md-icon, md-tabs.md-hue-1.md-primary&amp;gt;md-tabs-wrapper&amp;gt;md-tabs-canvas&amp;gt;md-pagination-wrapper&amp;gt;md-tab-item:not([disabled]) md-icon{color:rgb(197,202,233)}md-tabs.md-default-theme.md-hue-1.md-primary&amp;gt;md-tabs-wrapper&amp;gt;md-tabs-canvas&amp;gt;md-pagination-wrapper&amp;gt;md-tab-item:not([disabled]).md-active, md-tabs.md-hue-1.md-primary&amp;gt;md-tabs-wrapper&amp;gt;md-tabs-canvas&amp;gt;md-pagination-wrapper&amp;gt;md-tab-item:not([disabled]).md-active,md-tabs.md-default-theme.md-hue-1.md-primary&amp;gt;md-tabs-wrapper&amp;gt;md-tabs-canvas&amp;gt;md-pagination-wrapper&amp;gt;md-tab-item:not([disabled]).md-active md-icon, md-tabs.md-hue-1.md-primary&amp;gt;md-tabs-wrapper&amp;gt;md-tabs-canvas&amp;gt;md-pagination-wrapper&amp;gt;md-tab-item:not([disabled]).md-active md-icon,md-tabs.md-default-theme.md-hue-1.md-primary&amp;gt;md-tabs-wrapper&amp;gt;md-tabs-canvas&amp;gt;md-pagination-wrapper&amp;gt;md-tab-item:not([disabled]).md-focused, md-tabs.md-hue-1.md-primary&amp;gt;md-tabs-wrapper&amp;gt;md-tabs-canvas&amp;gt;md-pagination-wrapper&amp;gt;md-tab-item:not([disabled]).md-focused,md-tabs.md-default-theme.md-hue-1.md-primary&amp;gt;md-tabs-wrapper&amp;gt;md-tabs-canvas&amp;gt;md-pagination-wrapper&amp;gt;md-tab-item:not([disabled]).md-focused md-icon, md-tabs.md-hue-1.md-primary&amp;gt;md-tabs-wrapper&amp;gt;md-tabs-canvas&amp;gt;md-pagination-wrapper&amp;gt;md-tab-item:not([disabled]).md-focused md-icon{color:rgb(255,255,255)}md-tabs.md-default-theme.md-hue-1.md-primary&amp;gt;md-tabs-wrapper&amp;gt;md-tabs-canvas&amp;gt;md-pagination-wrapper&amp;gt;md-tab-item:not([disabled]).md-focused, md-tabs.md-hue-1.md-primary&amp;gt;md-tabs-wrapper&amp;gt;md-tabs-canvas&amp;gt;md-pagination-wrapper&amp;gt;md-tab-item:not([disabled]).md-focused{background:rgba(255,255,255,0.1)}md-toolbar&amp;gt;md-tabs.md-default-theme.md-hue-1&amp;gt;md-tabs-wrapper, md-toolbar&amp;gt;md-tabs.md-hue-1&amp;gt;md-tabs-wrapper{background-color:rgb(121,134,203)}md-toolbar&amp;gt;md-tabs.md-default-theme.md-hue-1&amp;gt;md-tabs-wrapper&amp;gt;md-tabs-canvas&amp;gt;md-pagination-wrapper&amp;gt;md-tab-item:not([disabled]), md-toolbar&amp;gt;md-tabs.md-hue-1&amp;gt;md-tabs-wrapper&amp;gt;md-tabs-canvas&amp;gt;md-pagination-wrapper&amp;gt;md-tab-item:not([disabled]),md-toolbar&amp;gt;md-tabs.md-default-theme.md-hue-1&amp;gt;md-tabs-wrapper&amp;gt;md-tabs-canvas&amp;gt;md-pagination-wrapper&amp;gt;md-tab-item:not([disabled]) md-icon, md-toolbar&amp;gt;md-tabs.md-hue-1&amp;gt;md-tabs-wrapper&amp;gt;md-tabs-canvas&amp;gt;md-pagination-wrapper&amp;gt;md-tab-item:not([disabled]) md-icon{color:rgb(197,202,233)}md-toolbar&amp;gt;md-tabs.md-default-theme.md-hue-1&amp;gt;md-tabs-wrapper&amp;gt;md-tabs-canvas&amp;gt;md-pagination-wrapper&amp;gt;md-tab-item:not([disabled]).md-active, md-toolbar&amp;gt;md-tabs.md-hue-1&amp;gt;md-tabs-wrapper&amp;gt;md-tabs-canvas&amp;gt;md-pagination-wrapper&amp;gt;md-tab-item:not([disabled]).md-active,md-toolbar&amp;gt;md-tabs.md-default-theme.md-hue-1&amp;gt;md-tabs-wrapper&amp;gt;md-tabs-canvas&amp;gt;md-pagination-wrapper&amp;gt;md-tab-item:not([disabled]).md-active md-icon, md-toolbar&amp;gt;md-tabs.md-hue-1&amp;gt;md-tabs-wrapper&amp;gt;md-tabs-canvas&amp;gt;md-pagination-wrapper&amp;gt;md-tab-item:not([disabled]).md-active md-icon,md-toolbar&amp;gt;md-tabs.md-default-theme.md-hue-1&amp;gt;md-tabs-wrapper&amp;gt;md-tabs-canvas&amp;gt;md-pagination-wrapper&amp;gt;md-tab-item:not([disabled]).md-focused, md-toolbar&amp;gt;md-tabs.md-hue-1&amp;gt;md-tabs-wrapper&amp;gt;md-tabs-canvas&amp;gt;md-pagination-wrapper&amp;gt;md-tab-item:not([disabled]).md-focused,md-toolbar&amp;gt;md-tabs.md-default-theme.md-hue-1&amp;gt;md-tabs-wrapper&amp;gt;md-tabs-canvas&amp;gt;md-pagination-wrapper&amp;gt;md-tab-item:not([disabled]).md-focused md-icon, md-toolbar&amp;gt;md-tabs.md-hue-1&amp;gt;md-tabs-wrapper&amp;gt;md-tabs-canvas&amp;gt;md-pagination-wrapper&amp;gt;md-tab-item:not([disabled]).md-focused md-icon{color:rgb(255,255,255)}md-toolbar&amp;gt;md-tabs.md-default-theme.md-hue-1&amp;gt;md-tabs-wrapper&amp;gt;md-tabs-canvas&amp;gt;md-pagination-wrapper&amp;gt;md-tab-item:not([disabled]).md-focused, md-toolbar&amp;gt;md-tabs.md-hue-1&amp;gt;md-tabs-wrapper&amp;gt;md-tabs-canvas&amp;gt;md-pagination-wrapper&amp;gt;md-tab-item:not([disabled]).md-focused{background:rgba(255,255,255,0.1)}md-toast.md-default-theme.md-hue-1 .md-toast-content .md-button.md-highlight.md-primary, md-toast.md-hue-1 .md-toast-content .md-button.md-highlight.md-primary{color:rgb(121,134,203)}md-toolbar.md-default-theme.md-hue-1:not(.md-menu-toolbar), md-toolbar.md-hue-1:not(.md-menu-toolbar){background-color:rgb(121,134,203);color:rgb(255,255,255)}md-toolbar.md-default-theme.md-hue-1:not(.md-menu-toolbar) md-icon, md-toolbar.md-hue-1:not(.md-menu-toolbar) md-icon{color:rgb(255,255,255);fill:rgb(255,255,255)}md-toolbar.md-default-theme.md-hue-1:not(.md-menu-toolbar) .md-button[disabled] md-icon, md-toolbar.md-hue-1:not(.md-menu-toolbar) .md-button[disabled] md-icon{color:rgba(255,255,255,0.26);fill:rgba(255,255,255,0.26)}&lt;/style&gt;&lt;style md-theme-style=""&gt;md-autocomplete.md-default-theme.md-hue-2 input, md-autocomplete.md-hue-2 input{color:rgba(0,0,0,0.87)}.md-autocomplete-suggestions-container.md-default-theme.md-hue-2 li, .md-autocomplete-suggestions-container.md-hue-2 li{color:rgba(0,0,0,0.87)}md-bottom-sheet.md-default-theme.md-hue-2.md-list md-list-item, md-bottom-sheet.md-hue-2.md-list md-list-item{color:rgba(0,0,0,0.87)}.md-button.md-default-theme.md-hue-2.md-primary, .md-button.md-hue-2.md-primary{color:rgb(40,53,147)}.md-button.md-default-theme.md-hue-2.md-primary.md-fab, .md-button.md-hue-2.md-primary.md-fab,.md-button.md-default-theme.md-hue-2.md-primary.md-raised, .md-butt
[...]
scope ng-hide" aria-hidden="true"&gt;&lt;th class="hideCell"&gt;&lt;/th&gt;&lt;th class="ng-binding"&gt;Job No&lt;/th&gt;&lt;th colspan="2" class="ng-binding"&gt;DROPOFF&lt;/th&gt;&lt;th class="ng-binding"&gt;Parcel&lt;/th&gt;&lt;th class="ng-binding"&gt;DISTANCE&lt;/th&gt;&lt;th class="ng-binding"&gt;Waiting Duration&lt;/th&gt;&lt;th class="ng-binding"&gt;ETA&lt;/th&gt;&lt;th class="ng-binding"&gt;STATUS&lt;/th&gt;&lt;/tr&gt;&lt;!-- ngRepeat: job in assignment.jobs --&gt;&lt;tr ng-repeat-end="" ng-repeat="job in assignment.jobs" ng-show="vm.dataCollapse == order.id" class="ng-scope ng-hide" aria-hidden="true"&gt;&lt;td class="hideCell"&gt;&lt;/td&gt;&lt;td class="ng-binding"&gt;57392&lt;/td&gt;&lt;td colspan="2" class="ng-binding"&gt;TESTLOAD TEST, Huai Khwang, Asoke21, Huai Khwang, Bangkok&lt;br /&gt;0873842085, Panuwit(TOP)&lt;br /&gt;&lt;!-- ngIf: job.parcels[0].note != null &amp;&amp; job.parcels[0].note !=' ' &amp;&amp; job.parcels[0].note != '' --&gt;&lt;i ng-if="job.parcels[0].note != null &amp;amp;&amp;amp; job.parcels[0].note !=' ' &amp;amp;&amp;amp; job.parcels[0].note != ''" class="fa fa-comment ng-scope" ng-click="vm.showModalNotes(job.parcels[0].note)" role="button" tabindex="0"&gt;&lt;/i&gt;&lt;!-- end ngIf: job.parcels[0].note != null &amp;&amp; job.parcels[0].note !=' ' &amp;&amp; job.parcels[0].note != '' --&gt;&lt;/td&gt;&lt;td class="parcels"&gt;&lt;!-- ngRepeat: parcel in job.parcels --&gt;&lt;div class="parcelsContent ng-scope" ng-repeat="parcel in job.parcels"&gt;&lt;span class="parcelId ng-binding"&gt;P0000456-81&lt;/span&gt;&lt;div&gt;&lt;!-- ngRepeat: service in parcel.services --&gt;&lt;span ng-repeat="service in parcel.services" class="ng-scope"&gt;&lt;img class="serviceIcon" ng-src="../../images/documents.png" alt="Document" src="../../images/documents.png" /&gt; &lt;!-- ngIf: service.data &amp;&amp; service.data.photoUrl --&gt;&lt;/span&gt;&lt;!-- end ngRepeat: service in parcel.services --&gt;&lt;span ng-repeat="service in parcel.services" class="ng-scope"&gt;&lt;img class="serviceIcon" ng-src="../../images/cash.png" alt="Cash" src="../../images/cash.png" /&gt; &lt;!-- ngIf: service.data &amp;&amp; service.data.photoUrl --&gt;&lt;/span&gt;&lt;!-- end ngRepeat: service in parcel.services --&gt;&lt;/div&gt;&lt;/div&gt;&lt;!-- end ngRepeat: parcel in job.parcels --&gt;&lt;/td&gt;&lt;td class="ng-binding"&gt;5.908 km&lt;/td&gt;&lt;td class="ng-binding"&gt;3 Minutes&lt;/td&gt;&lt;td class="ng-binding"&gt;05:28&lt;/td&gt;&lt;td&gt;&lt;!-- ngIf: job.status == 0 --&gt; &lt;!-- ngIf: job.status == 1 &amp;&amp; order.status != 2 --&gt; &lt;!-- ngIf: job.status == 1 &amp;&amp; order.status == 2 --&gt; &lt;!-- ngIf: job.status == 2 --&gt; &lt;!-- ngIf: job.status == 3 --&gt; &lt;!-- ngIf: job.status == 4 --&gt;&lt;span ng-if="job.status == 4" class="label label-success ng-binding ng-scope"&gt;Completed&lt;/span&gt;&lt;!-- end ngIf: job.status == 4 --&gt; &lt;!-- ngIf: job.status == 5 --&gt; &lt;!-- ngIf: job.status == 6 --&gt;&lt;/td&gt;&lt;/tr&gt;&lt;!-- end ngRepeat: job in assignment.jobs --&gt;&lt;!-- end ngRepeat: assignment in order.assignments | orderBy:'id' --&gt;&lt;/tbody&gt;&lt;!-- end ngRepeat: order in vm.Model.getDeadOrders() | orderBy: '-order.completedAt' | itemsPerPage: 25 --&gt;&lt;tbody ng-repeat="order in vm.Model.getDeadOrders() | orderBy: '-order.completedAt' | itemsPerPage: 25" class="ng-scope"&gt;&lt;tr class="cliclableRow"&gt;&lt;!-- ngIf: !vm.hasJobs(order.id) --&gt;&lt;!-- ngIf: vm.hasJobs(order.id) --&gt;&lt;td ng-if="vm.hasJobs(order.id)" class="pointer ng-scope" ng-click="vm.showJobs(order.id)" role="button" tabindex="0"&gt;&lt;i class="fa fa-plus iconEnabled"&gt;&lt;/i&gt;&lt;/td&gt;&lt;!-- end ngIf: vm.hasJobs(order.id) --&gt;&lt;td class="ng-binding"&gt;34259&lt;/td&gt;&lt;td class="ng-binding"&gt;03-Jul-2018 05:00&lt;/td&gt;&lt;td class="ng-binding"&gt;03-Jul-2018 05:00&lt;/td&gt;&lt;td class="ng-binding"&gt;2.003 km&lt;/td&gt;&lt;td colspan="2" class="ng-binding"&gt;300.03 THB&lt;/td&gt;&lt;td class="ng-binding"&gt;06:10&lt;/td&gt;&lt;td&gt;&lt;!-- ngIf: order.status == 0 --&gt; &lt;!-- ngIf: order.status == 1 --&gt; &lt;!-- ngIf: order.status == 2 --&gt; &lt;!-- ngIf: order.status == 3 --&gt; &lt;!-- ngIf: order.status == 4 --&gt;&lt;span ng-if="order.status == 4" class="label label-success ng-binding ng-scope"&gt;Completed&lt;/span&gt;&lt;!-- end ngIf: order.status == 4 --&gt; &lt;!-- ngIf: order.status == 5 --&gt; &lt;!-- ngIf: order.status == 6 --&gt;&lt;/td&gt;&lt;/tr&gt;&lt;!-- ngRepeat: assignment in order.assignments | orderBy:'id' --&gt;&lt;tr ng-repeat-start="assignment in order.assignments | orderBy:'id'" ng-show="vm.dataCollapse == order.id &amp;amp;&amp;amp; vm.hasJobs(order.id)" class="ng-scope ng-hide" aria-hidden="true"&gt;&lt;th class="hideCell"&gt;&lt;/th&gt;&lt;th class="ng-binding"&gt;Assignment ID&lt;/th&gt;&lt;th colspan="2" class="ng-binding"&gt;Pickup Location&lt;/th&gt;&lt;th class="ng-binding"&gt;Driver Name&lt;/th&gt;&lt;th class="ng-binding"&gt;Phone Number&lt;/th&gt;&lt;th class="ng-binding"&gt;Waiting Duration&lt;/th&gt;&lt;th class="hideCell"&gt;&lt;/th&gt;&lt;th class="hideCell"&gt;&lt;/th&gt;&lt;/tr&gt;&lt;tr ng-show="vm.dataCollapse == order.id &amp;amp;&amp;amp; vm.hasJobs(order.id)" class="ng-scope ng-hide" aria-hidden="true"&gt;&lt;td class="hideCell"&gt;&lt;/td&gt;&lt;td class="ng-binding"&gt; &lt;i class="fa fa-map-marker iconEnabled pointer mapIcon" ng-click="vm.showDriverModal(assignment)" role="button" tabindex="0"&gt;&lt;/i&gt;&lt;/td&gt;&lt;td colspan="2" class="ng-binding"&gt;Asoke Towers, 21, สุขุมวิท, Khet Watthana&lt;br /&gt;panuwit_sup@sendit.asia, 0873842085, Sendit&lt;br /&gt;&lt;!-- ngIf: assignment.note != null &amp;&amp; assignment.note !=' ' &amp;&amp; assignment.note != '' --&gt;&lt;i ng-if="assignment.note != null &amp;amp;&amp;amp; assignment.note !=' ' &amp;amp;&amp;amp; assignment.note != ''" class="fa fa-comment ng-scope" ng-click="vm.showModalNotes(assignment.note)" role="button" tabindex="0"&gt;&lt;/i&gt;&lt;!-- end ngIf: assignment.note != null &amp;&amp; assignment.note !=' ' &amp;&amp; assignment.note != '' --&gt;&lt;/td&gt;&lt;td&gt;-&lt;/td&gt;&lt;td&gt;-&lt;/td&gt;&lt;td class="ng-binding"&gt;1 Minutes&lt;/td&gt;&lt;td class="hideCell"&gt;&amp;gt;&lt;/td&gt;&lt;td class="hideCell"&gt;&lt;/td&gt;&lt;/tr&gt;&lt;tr ng-show="vm.dataCollapse == order.id &amp;amp;&amp;amp; vm.hasJobs(order.id)" class="ng-scope ng-hide" aria-hidden="true"&gt;&lt;th class="hideCell"&gt;&lt;/th&gt;&lt;th class="ng-binding"&gt;Job No&lt;/th&gt;&lt;th colspan="2" class="ng-binding"&gt;DROPOFF&lt;/th&gt;&lt;th class="ng-binding"&gt;Parcel&lt;/th&gt;&lt;th class="ng-binding"&gt;DISTANCE&lt;/th&gt;&lt;th class="ng-binding"&gt;Waiting Duration&lt;/th&gt;&lt;th class="ng-binding"&gt;ETA&lt;/th&gt;&lt;th class="ng-binding"&gt;STATUS&lt;/th&gt;&lt;/tr&gt;&lt;!-- ngRepeat: job in assignment.jobs --&gt;&lt;tr ng-repeat-end="" ng-repeat="job in assignment.jobs" ng-show="vm.dataCollapse == order.id" class="ng-scope ng-hide" aria-hidden="true"&gt;&lt;td class="hideCell"&gt;&lt;/td&gt;&lt;td class="ng-binding"&gt;57393&lt;/td&gt;&lt;td colspan="2" class="ng-binding"&gt;2,88, Soi Sukhumvit 19, Bangkok&lt;br /&gt;1111, Terminal21&lt;br /&gt;&lt;!-- ngIf: job.parcels[0].note != null &amp;&amp; job.parcels[0].note !=' ' &amp;&amp; job.parcels[0].note != '' --&gt;&lt;i ng-if="job.parcels[0].note != null &amp;amp;&amp;amp; job.parcels[0].note !=' ' &amp;amp;&amp;amp; job.parcels[0].note != ''" class="fa fa-comment ng-scope" ng-click="vm.showModalNotes(job.parcels[0].note)" role="button" tabindex="0"&gt;&lt;/i&gt;&lt;!-- end ngIf: job.parcels[0].note != null &amp;&amp; job.parcels[0].note !=' ' &amp;&amp; job.parcels[0].note != '' --&gt;&lt;/td&gt;&lt;td class="parcels"&gt;&lt;!-- ngRepeat: parcel in job.parcels --&gt;&lt;div class="parcelsContent ng-scope" ng-repeat="parcel in job.parcels"&gt;&lt;span class="parcelId ng-binding"&gt;P0000456-83&lt;/span&gt;&lt;div&gt;&lt;!-- ngRepeat: service in parcel.services --&gt;&lt;span ng-repeat="service in parcel.services" class="ng-scope"&gt;&lt;img class="serviceIcon" ng-src="../../images/food.png" alt="Food" src="../../images/food.png" /&gt; &lt;!-- ngIf: service.data &amp;&amp; service.data.photoUrl --&gt;&lt;/span&gt;&lt;!-- end ngRepeat: service in parcel.services --&gt;&lt;span ng-repeat="service in parcel.services" class="ng-scope"&gt;&lt;img class="serviceIcon" ng-src="../../images/insurance.png" alt="Insurance" src="../../images/insurance.png" /&gt; &lt;!-- ngIf: service.data &amp;&amp; service.data.photoUrl --&gt;&lt;/span&gt;&lt;!-- end ngRepeat: service in parcel.services --&gt;&lt;span ng-repeat="service in parcel.services" class="ng-scope"&gt;&lt;img class="serviceIcon" ng-src="../../images/cash.png" alt="Cash" src="../../images/cash.png" /&gt; &lt;!-- ngIf: service.data &amp;&amp; service.data.photoUrl --&gt;&lt;/span&gt;&lt;!-- end ngRepeat: service in parcel.services --&gt;&lt;span ng-repeat="service in parcel.services" class="ng-scope"&gt;&lt;img class="serviceIcon" ng-src="../../images/documents.png" alt="Document" src="../../images/documents.png" /&gt; &lt;!-- ngIf: service.data &amp;&amp; service.data.photoUrl --&gt;&lt;/span&gt;&lt;!-- end ngRepeat: service in parcel.services --&gt;&lt;span ng-repeat="service in parcel.services" class="ng-scope"&gt;&lt;img class="serviceIcon" ng-src="../../images/mailing.png" alt="Mailing" src="../../images/mailing.png" /&gt; &lt;!-- ngIf: service.data &amp;&amp; service.data.photoUrl --&gt;&lt;/span&gt;&lt;!-- end ngRepeat: service in parcel.services --&gt;&lt;span ng-repeat="service in parcel.services" class="ng-scope"&gt;&lt;img class="serviceIcon" ng-src="../../images/photo-id.png" alt="ID Approval" src="../../images/photo-id.png" /&gt; &lt;!-- ngIf: service.data &amp;&amp; service.data.photoUrl --&gt;&lt;a ng-if="service.data &amp;amp;&amp;amp; service.data.photoUrl" ng-href="http://sendit-api-beta.s3.amazonaws.com/other/8dc7bdd223749a34f0e114b74277b1ee.jpg" class="ng-scope" href="http://sendit-api-beta.s3.amazonaws.com/other/8dc7bdd223749a34f0e114b74277b1ee.jpg"&gt;Download ID&lt;/a&gt;&lt;!-- end ngIf: service.data &amp;&amp; service.data.photoUrl --&gt;&lt;/span&gt;&lt;!-- end ngRepeat: service in parcel.services --&gt;&lt;/div&gt;&lt;/div&gt;&lt;!-- end ngRepeat: parcel in job.parcels --&gt;&lt;/td&gt;&lt;td class="ng-binding"&gt;2.003 km&lt;/td&gt;&lt;td class="ng-binding"&gt;3 Minutes&lt;/td&gt;&lt;td class="ng-binding"&gt;06:11&lt;/td&gt;&lt;td&gt;&lt;!-- ngIf: job.status == 0 --&gt; &lt;!-- ngIf: job.status == 1 &amp;&amp; order.status != 2 --&gt; &lt;!-- ngIf: job.status == 1 &amp;&amp; order.status == 2 --&gt; &lt;!-- ngIf: job.status == 2 --&gt; &lt;!-- ngIf: job.status == 3 --&gt; &lt;!-- ngIf: job.status == 4 --&gt;&lt;span ng-if="job.status == 4" class="label label-success ng-binding ng-scope"&gt;Completed&lt;/span&gt;&lt;!-- end ngIf: job.status == 4 --&gt; &lt;!-- ngIf: job.status == 5 --&gt; &lt;!-- ngIf: job.status == 6 --&gt;&lt;/td&gt;&lt;/tr&gt;&lt;!-- end ngRepeat: job in assignment.jobs --&gt;&lt;!-- end ngRepeat: assignment in order.assignments | orderBy:'id' --&gt;&lt;/tbody&gt;&lt;!-- end ngRepeat: order in vm.Model.getDeadOrders() | orderBy: '-order.completedAt' | itemsPerPage: 25 --&gt;&lt;/table&gt;&lt;div class="text-center ng-scope"&gt;&lt;dir-pagination-controls class="ng-isolate-scope"&gt;&lt;!-- ngIf: 1 &lt; pages.length || !autoHide --&gt;&lt;ul class="pagination ng-scope" ng-if="1 &amp;lt; pages.length || !autoHide" style=""&gt;&lt;!-- ngIf: boundaryLinks --&gt;&lt;!-- ngIf: directionLinks --&gt;&lt;li ng-if="directionLinks" ng-class="{ disabled : pagination.current == 1 }" class="ng-scope disabled"&gt;&lt;a href="" ng-click="setCurrent(pagination.current - 1)"&gt;‹&lt;/a&gt;&lt;/li&gt;&lt;!-- end ngIf: directionLinks --&gt;&lt;!-- ngRepeat: pageNumber in pages track by tracker(pageNumber, $index) --&gt;&lt;li ng-repeat="pageNumber in pages track by tracker(pageNumber, $index)" ng-class="{ active : pagination.current == pageNumber, disabled : pageNumber == '...' || ( ! autoHide &amp;amp;&amp;amp; pages.length === 1 ) }" class="ng-scope active"&gt;&lt;a href="" ng-click="setCurrent(pageNumber)" class="ng-binding"&gt;1&lt;/a&gt;&lt;/li&gt;&lt;!-- end ngRepeat: pageNumber in pages track by tracker(pageNumber, $index) --&gt;&lt;li ng-repeat="pageNumber in pages track by tracker(pageNumber, $index)" ng-class="{ active : pagination.current == pageNumber, disabled : pageNumber == '...' || ( ! autoHide &amp;amp;&amp;amp; pages.length === 1 ) }" class="ng-scope"&gt;&lt;a href="" ng-click="setCurrent(pageNumber)" class="ng-binding"&gt;2&lt;/a&gt;&lt;/li&gt;&lt;!-- end ngRepeat: pageNumber in pages track by tracker(pageNumber, $index) --&gt;&lt;li ng-repeat="pageNumber in pages track by tracker(pageNumber, $index)" ng-class="{ active : pagination.current == pageNumber, disabled : pageNumber == '...' || ( ! autoHide &amp;amp;&amp;amp; pages.length === 1 ) }" class="ng-scope"&gt;&lt;a href="" ng-click="setCurrent(pageNumber)" class="ng-binding"&gt;3&lt;/a&gt;&lt;/li&gt;&lt;!-- end ngRepeat: pageNumber in pages track by tracker(pageNumber, $index) --&gt;&lt;!-- ngIf: directionLinks --&gt;&lt;li ng-if="directionLinks" ng-class="{ disabled : pagination.current == pagination.last }" class="ng-scope"&gt;&lt;a href="" ng-click="setCurrent(pagination.current + 1)"&gt;›&lt;/a&gt;&lt;/li&gt;&lt;!-- end ngIf: directionLinks --&gt;&lt;!-- ngIf: boundaryLinks --&gt;&lt;/ul&gt;&lt;!-- end ngIf: 1 &lt; pages.length || !autoHide --&gt;&lt;/dir-pagination-controls&gt;&lt;/div&gt;&lt;/div&gt;&lt;/section&gt;&lt;!-- ngInclude: 'app/components/layout/footer.html' --&gt;&lt;div ng-include="'app/components/layout/footer.html'" class="ng-scope"&gt;&lt;section class="footer-section ng-scope"&gt;&lt;div class="bottom-panel"&gt;&lt;div class="wrap"&gt;&lt;div class="footer-widgets-1 widget-area"&gt;&lt;section id="text-1" class="widget widget_text"&gt;&lt;div class="widget-wrap"&gt;&lt;h4 class="widget-title widgettitle"&gt;TRUSTED BY&lt;/h4&gt;&lt;div class="textwidget"&gt;&lt;p&gt;&lt;img src="images/banner-itruemart.jpg" /&gt; &lt;img src="images/banner-weloveshopping.jpg" /&gt;&lt;/p&gt;&lt;/div&gt;&lt;/div&gt;&lt;div class="site-footer"&gt;©Copyright 2015 SendIt. All Rights Reserved.&lt;/div&gt;&lt;/section&gt;&lt;/div&gt;&lt;div class="footer-widgets-2 widget-area"&gt;&lt;section id="text-1" class="widget widget_text"&gt;&lt;div class="widget-wrap"&gt;&lt;div class="textwidget"&gt;&lt;p&gt;&lt;/p&gt;&lt;ul&gt;&lt;li&gt;&lt;a href="#"&gt;OUR SERVICES&lt;/a&gt;&lt;/li&gt;&lt;li&gt;&lt;a href="#"&gt;FOR BUSINESSES&lt;/a&gt;&lt;/li&gt;&lt;li&gt;&lt;a href="#"&gt;JOIN OUR DRIVERS&lt;/a&gt;&lt;/li&gt;&lt;li&gt;&lt;a href="#"&gt;GET A QUOTE&lt;/a&gt;&lt;/li&gt;&lt;li&gt;&lt;a href="#"&gt;HOW IT WORKS&lt;/a&gt;&lt;/li&gt;&lt;li&gt;&lt;a href="#"&gt;FAQ&lt;/a&gt;&lt;/li&gt;&lt;/ul&gt;&lt;p&gt;&lt;/p&gt;&lt;/div&gt;&lt;/div&gt;&lt;/section&gt;&lt;/div&gt;&lt;div class="footer-widgets-3 widget-area"&gt;&lt;section id="text-1" class="widget widget_text"&gt;&lt;div class="widget-wrap"&gt;&lt;div class="textwidget"&gt;&lt;p&gt;&lt;/p&gt;&lt;ul&gt;&lt;li&gt;&lt;a href="#"&gt;ABOUT US&lt;/a&gt;&lt;/li&gt;&lt;li&gt;&lt;a href="#"&gt;CONTACT US&lt;/a&gt;&lt;/li&gt;&lt;li&gt;&lt;a href="#"&gt;MEDIA&lt;/a&gt;&lt;/li&gt;&lt;li&gt;&lt;a href="#"&gt;PARTNERS&lt;/a&gt;&lt;/li&gt;&lt;li&gt;&lt;a href="#"&gt;INVESTORS&lt;/a&gt;&lt;/li&gt;&lt;/ul&gt;&lt;p&gt;&lt;/p&gt;&lt;/div&gt;&lt;/div&gt;&lt;div class="site-footer"&gt;&lt;a href="#"&gt;Legal &amp;amp; Privacy&lt;/a&gt; / &lt;a href="#"&gt;Credits&lt;/a&gt;&lt;/div&gt;&lt;/section&gt;&lt;/div&gt;&lt;/div&gt;&lt;/div&gt;&lt;/section&gt;&lt;/div&gt;&lt;/div&gt;&lt;/div&gt;

&lt;/div&gt;
&lt;script src="//maps.googleapis.com/maps/api/js?libraries=places,geometry&amp;amp;key=AIzaSyATdE6hfyRCmibReN_x0NZvSyz-Mj06kvs&amp;amp;language=en"&gt;&lt;/script&gt;
&lt;script src="./senditconfig.js"&gt;&lt;/script&gt;
&lt;script src="js/lib-9ba9466b89.js"&gt;&lt;/script&gt;
&lt;script src="js/app-065c3b893c.js"&gt;&lt;/script&gt;
&lt;script&gt;(function(){var w=window;var ic=w.Intercom;if(typeof ic==="function"){ic('reattach_activator');ic('update',intercomSettings);}else{var d=document;var i=function(){i.c(arguments)};i.q=[];i.c=function(args){i.q.push(args)};w.Intercom=i;function l(){var s=d.createElement('script');s.type='text/javascript';s.async=true;s.src='https://widget.intercom.io/widget/yh2y85hb';var x=d.getElementsByTagName('script')[0];x.parentNode.insertBefore(s,x);}if(w.attachEvent){w.attachEvent('onload',l);}else{w.addEventListener('load',l,false);}}})()&lt;/script&gt;
&lt;script&gt;
	var $buoop = {vs:{i:10,f:25,o:12.1,s:7},c:2};
	function $buo_f(){
		var e = document.createElement("script");
		e.src = "//browser-update.org/update.min.js";
		document.body.appendChild(e);
	};
	try {document.addEventListener("DOMContentLoaded", $buo_f,false)}
	catch(e){window.attachEvent("onload", $buo_f)}
	&lt;/script&gt;
&lt;link rel="stylesheet" href="https://github.sendit.asia/sendicon/style.css" /&gt;
&lt;link rel="stylesheet" href="https://github.sendit.asia/sendicon2/style.css" /&gt;
&lt;script src="https://use.typekit.net/mrj6xmm.js"&gt;&lt;/script&gt;
&lt;script&gt;try{Typekit.load({ async: true });}catch(e){}&lt;/script&gt;

&lt;script src="//browser-update.org/update.min.js"&gt;&lt;/script&gt;&lt;iframe id="intercom-frame" style="display: none;"&gt;&lt;/iframe&gt;&lt;div id="intercom-container" style="position: fixed; width: 0px; height: 0px; bottom: 0px; right: 0px; z-index: 2147483647;"&gt;&lt;div data-reactroot="" class="intercom-app intercom-app-launcher-enabled"&gt;&lt;span&gt;&lt;/span&gt;&lt;iframe allowfullscreen="" class="intercom-launcher-frame" name="intercom-launcher-frame" title="Intercom Live Chat" tabindex="-1"&gt;&lt;/iframe&gt;&lt;iframe allowfullscreen="" class="intercom-launcher-discovery-frame" name="intercom-launcher-discovery-frame" title="Intercom Live Chat" tabindex="-1"&gt;&lt;/iframe&gt;&lt;span&gt;&lt;/span&gt;&lt;!-- react-empty: 6 --&gt;&lt;iframe allowfullscreen="" class="intercom-modal-frame" name="intercom-modal-frame" title="Intercom Live Chat" tabindex="-1"&gt;&lt;/iframe&gt;&lt;!-- react-empty: 7 --&gt;&lt;/div&gt;&lt;/div&gt;&lt;/body&gt;&lt;/html&gt;</msg>
<kw name="Capture Page Screenshot" library="Selenium2Library">
<doc>Takes screenshot of the current page and embeds it into log file.</doc>
<msg timestamp="20180718 18:57:43.538" level="INFO" html="yes">&lt;/td&gt;&lt;/tr&gt;&lt;tr&gt;&lt;td colspan="3"&gt;&lt;a href="selenium-screenshot-762.png"&gt;&lt;img src="selenium-screenshot-762.png" width="800px"&gt;&lt;/a&gt;</msg>
<status status="PASS" starttime="20180718 18:57:43.043" endtime="20180718 18:57:43.539"></status>
</kw>
<msg timestamp="20180718 18:57:43.542" level="FAIL">Table '//*[@id="activeDeliveriesTable"][1]' header did not contain text 'Order No.'.</msg>
<status status="FAIL" starttime="20180718 18:57:34.350" endtime="20180718 18:57:43.542"></status>
</kw>
<status status="FAIL" starttime="20180718 18:57:34.348" endtime="20180718 18:57:43.543"></status>
</kw>
<status status="FAIL" starttime="20180718 18:56:38.225" endtime="20180718 18:57:43.543" critical="yes">Table '//*[@id="activeDeliveriesTable"][1]' header did not contain text 'Order No.'.</status>
</test>
<kw name="Close All Browsers" library="Selenium2Library" type="teardown">
<doc>Closes all open browsers and resets the browser cache.</doc>
<status status="PASS" starttime="20180718 18:57:43.548" endtime="20180718 18:57:46.657"></status>
</kw>
<status status="FAIL" starttime="20180718 18:56:38.007" endtime="20180718 18:57:46.657"></status>
</suite>
<statistics>
<total>
<stat pass="0" fail="1">Critical Tests</stat>
<stat pass="0" fail="1">All Tests</stat>
</total>
<tag>
</tag>
<suite>
<stat pass="0" fail="1" id="s1" name="History ondemand">History ondemand</stat>
</suite>
</statistics>
<errors>
</errors>
</robot>
